

<!DOCTYPE html>
<html>
<head>
	<meta charset='utf-8' /> 
	<meta name='description' content='' />
	<meta name='robots' content='noodp, noydir' />
	<meta name='viewport' content='width=device-width, initial-scale=1' />
	<meta id="timeStampFormat" name="timeStampFormat" content='MMM d, yyyy hh:mm:ss a'/>
	
	<link href='https://fonts.googleapis.com/css?family=Source+Sans+Pro:400,600' rel='stylesheet' type='text/css' />
	<link href="https://fonts.googleapis.com/icon?family=Material+Icons" rel="stylesheet" />
	<link href='https://cdn.rawgit.com/extent-framework/extent-github-cdn/b65cd69/v3html/css/extent.css' type='text/css' rel='stylesheet' />
	
	<title>ExtentReports</title>

	<style type='text/css'>
		/* json-tree */
		.jstBracket,.jstComma,.jstValue{white-space:pre-wrap}.jstValue{font-size:10px;font-weight:400;font-family:"Lucida Console",Monaco,monospace}.jstProperty{color:#666;word-wrap:break-word}.jstBool{color:#2525CC}.jstNum{color:#D036D0}.jstNull{color:gray}.jstStr{color:#2DB669}.jstFold:after{content:' -';cursor:pointer}.jstExpand{white-space:normal}.jstExpand:after{content:' +';cursor:pointer}.jstFolded{white-space:normal!important}.jstHiddenBlock{display:none}
	</style>
	
	<script type="text/javascript">
		/*! json-tree - v0.2.2 - 2017-09-25, MIT LICENSE */
		var JSONTree=function(){var n={"&":"&amp;","<":"&lt;",">":"&gt;",'"':"&quot;","'":"&#x27;","/":"&#x2F;"},t=0,r=0;this.create=function(n,t){return r+=1,N(u(n,0,!1),{class:"jstValue"})};var e=function(t){return t.replace(/[&<>'"]/g,function(t){return n[t]})},s=function(){return r+"_"+t++},u=function(n,t,r){if(null===n)return f(r?t:0);switch(typeof n){case"boolean":return l(n,r?t:0);case"number":return i(n,r?t:0);case"string":return o(n,r?t:0);default:return n instanceof Array?a(n,t,r):c(n,t,r)}},c=function(n,t,r){var e=s(),u=Object.keys(n).map(function(r){return j(r,n[r],t+1,!0)}).join(m()),c=[g("{",r?t:0,e),N(u,{id:e}),p("}",t)].join("\n");return N(c,{})},a=function(n,t,r){var e=s(),c=n.map(function(n){return u(n,t+1,!0)}).join(m());return[g("[",r?t:0,e),N(c,{id:e}),p("]",t)].join("\n")},o=function(n,t){var r=e(JSON.stringify(n));return N(v(r,t),{class:"jstStr"})},i=function(n,t){return N(v(n,t),{class:"jstNum"})},l=function(n,t){return N(v(n,t),{class:"jstBool"})},f=function(n){return N(v("null",n),{class:"jstNull"})},j=function(n,t,r){var s=v(e(JSON.stringify(n))+": ",r),c=N(u(t,r,!1),{});return N(s+c,{class:"jstProperty"})},m=function(){return N(",\n",{class:"jstComma"})},N=function(n,t){return d("span",t,n)},d=function(n,t,r){return"<"+n+Object.keys(t).map(function(n){return" "+n+'="'+t[n]+'"'}).join("")+">"+r+"</"+n+">"},g=function(n,t,r){return N(v(n,t),{class:"jstBracket"})+N("",{class:"jstFold",onclick:"JSONTree.toggle('"+r+"')"})};this.toggle=function(n){var t=document.getElementById(n),r=t.parentNode,e=t.previousElementSibling;""===t.className?(t.className="jstHiddenBlock",r.className="jstFolded",e.className="jstExpand"):(t.className="",r.className="",e.className="jstFold")};var p=function(n,t){return N(v(n,t),{})},v=function(n,t){return Array(2*t+1).join(" ")+n};return this}();
	</script>
</head>
	<body class='extent dark default hide-overflow '>
		<div id='theme-selector' alt='Click to toggle theme. To enable by default, use theme configuration.' title='Click to toggle theme. To enable by default, use theme configuration.'>
			<span><i class='material-icons'>desktop_windows</i></span>
		</div>
<nav>
	<div class="nav-wrapper">
		<a href="#!" class="brand-logo black"><img src="https://cdn.rawgit.com/extent-framework/extent-github-cdn/d74480e/commons/img/logo.png"></a>
		<!-- slideout menu -->
		<ul id='slide-out' class='side-nav fixed hide-on-med-and-down'>
			<li class='waves-effect active'><a href='#!' view='test-view' onclick="configureView(0);chartsView('test');"><i class='material-icons'>dashboard</i></a></li>
						<li class='waves-effect'><a href='#!' view='exception-view' onclick="configureView(2)"><i class='material-icons'>bug_report</i></a></li>
			<li class='waves-effect'><a href='#!' onclick="configureView(-1);chartsView('dashboard');" view='dashboard-view'><i class='material-icons'>track_changes</i></a></li>
		</ul>
		<!-- report name -->
		<span class='report-name'>KFCCA_AutomationReport</span>
		<!-- report headline -->
		<span class='report-headline'></span>
		<!-- nav-right -->
		<ul id='nav-mobile' class='right hide-on-med-and-down nav-right'>
			<a href='#!'>
			<span class='label blue darken-3 suite-start-time'>Sep 12, 2023 05:39:11 PM</span>
			</a>
		</ul>
	</div>
</nav>		<!-- container -->
		<div class='container'>
<div id='test-view' class='view'>
	<section id='controls'>
		<div class='controls grey lighten-4'>
			<!-- test toggle -->
			<div class='chip transparent'>
				<a class='dropdown-button tests-toggle' data-activates='tests-toggle' data-constrainwidth='true' data-beloworigin='true' data-hover='true' href='#'>
				<i class='material-icons'>warning</i> Status
				</a>
				<ul id='tests-toggle' class='dropdown-content'>
										<li status='pass'><a href='#!'>Pass <i class='material-icons green-text'>check_circle</i></a></li>
					<li status='fail'><a href='#!'>Fail <i class='material-icons red-text'>cancel</i></a></li>
					<li class='divider'></li>
					<li status='clear' clear='true'><a href='#!'>Clear Filters <i class='material-icons'>clear</i></a></li>
				</ul>
			</div>
			<!-- test toggle -->
			<!-- category toggle -->
			<!-- category toggle -->
			<!-- clear filters -->
			<div class='chip transparent hide'>
				<a class='' id='clear-filters' alt='Clear Filters' title='Clear Filters'>
				<i class='material-icons'>close</i> Clear
				</a>
			</div>
			<!-- clear filters -->
			<!-- enable dashboard -->
			<div id='toggle-test-view-charts' class='chip transparent'>
				<a class='pink-text' id='enable-dashboard' alt='Enable Dashboard' title='Enable Dashboard'>
				<i class='material-icons'>track_changes</i> Dashboard
				</a>
			</div>
			<!-- enable dashboard -->
			<!-- search -->
			<div class='chip transparent' alt='Search Tests' title='Search Tests'>
				<a href="#" class='search-div'>
				<i class='material-icons'>search</i> Search
				</a>
				<div class='input-field left hide'>
					<input id='search-tests' type='text' class='validate browser-default' placeholder='Search Tests...'>
				</div>
			</div>
			<!-- search -->
		</div>
	</section>
<div id='test-view-charts' class='subview-full'>
    <div id='charts-row' class='row nm-v nm-h'>
        <div class='col s12 m12 l12 np-h'>
            <div class='card-panel nm-v'>
                <div class='left panel-name'>Tests</div>
                <div class='chart-box' style="max-height:94px;">
                    <canvas id='parent-analysis' width='90' height='70'></canvas>
                </div>
                <div class='block text-small'>
                    <span class='tooltipped' data-position='top' data-tooltip='81.481%'><span class='strong'>22</span> test(s) passed</span>
                </div>
                <div class='block text-small'>
                    <span class='strong tooltipped' data-position='top' data-tooltip='18.519%'>5</span> test(s) failed, <span class='strong tooltipped' data-position='top' data-tooltip='0%'>0</span> others
                </div>
            </div>
        </div>
    </div>
    <div id="timeline-chart" class="row nm-v nm-h">
        <div class="col s12 m12 l12 np-h">
            <div class="card-panel">
                <div class='left panel-name'>Timeline (seconds)</div>
                <div class="chart-box" style="width:98%;max-height:145px;">
                    <canvas id="timeline" height="120"></canvas>
                </div>
            </div>
        </div>
    </div>
</div>	<div class='subview-left left'>
		<div class='view-summary'>
			<ul id='test-collection' class='test-collection'>
				<li class='test displayed active  pass' status='pass' bdd='false' test-id='1'>
					<div class='test-heading'>
						<span class='test-name'>ValidateRegisteredUser_Pickup_Future_Ordering_ByCash</span>
						<span class='test-time'>Sep 12, 2023 05:39:28 PM</span>
						<span class='test-status right pass'>pass</span>
					</div>
					<div class='test-content hide'>
<div class='test-time-info'>
	<span class='label start-time'>Sep 12, 2023 05:39:28 PM</span>
	<span class='label end-time'>Sep 12, 2023 05:40:16 PM</span>
	<span class='label time-taken grey lighten-1 white-text'>0h 0m 48s+94ms</span>
</div>
<div class='test-steps'>
	<table class='bordered table-results'>
		<thead>
			<tr>
				<th>Status</th>
				<th>Timestamp</th>
				<th>Details</th>
			</tr>
		</thead>
		<tbody>
			<tr class='log' status='pass'>
				<td class='status pass' title='pass' alt='pass'><i class='material-icons'>check_circle</i></td>
				<td class='timestamp'>5:39:41 PM</td>
				<td class='step-details'>
						User Logged in successfully
					<img class='r-img' onerror='this.style.display="none"' data-featherlight='C:\Users\2123004\OneDrive - Cognizant\Documents\automation kfc\KFC_Canada_OLO_PROD\Scrshot\12092023053939.png.png' src='C:\Users\2123004\OneDrive - Cognizant\Documents\automation kfc\KFC_Canada_OLO_PROD\Scrshot\12092023053939.png.png' data-src='C:\Users\2123004\OneDrive - Cognizant\Documents\automation kfc\KFC_Canada_OLO_PROD\Scrshot\12092023053939.png.png'>
				</td>
			</tr>
			<tr class='log' status='pass'>
				<td class='status pass' title='pass' alt='pass'><i class='material-icons'>check_circle</i></td>
				<td class='timestamp'>5:39:54 PM</td>
				<td class='step-details'>
						store selected successfully
					<img class='r-img' onerror='this.style.display="none"' data-featherlight='C:\Users\2123004\OneDrive - Cognizant\Documents\automation kfc\KFC_Canada_OLO_PROD\Scrshot\12092023053953.png.png' src='C:\Users\2123004\OneDrive - Cognizant\Documents\automation kfc\KFC_Canada_OLO_PROD\Scrshot\12092023053953.png.png' data-src='C:\Users\2123004\OneDrive - Cognizant\Documents\automation kfc\KFC_Canada_OLO_PROD\Scrshot\12092023053953.png.png'>
				</td>
			</tr>
			<tr class='log' status='pass'>
				<td class='status pass' title='pass' alt='pass'><i class='material-icons'>check_circle</i></td>
				<td class='timestamp'>5:40:10 PM</td>
				<td class='step-details'>
						Future date Selected successfully
					<img class='r-img' onerror='this.style.display="none"' data-featherlight='C:\Users\2123004\OneDrive - Cognizant\Documents\automation kfc\KFC_Canada_OLO_PROD\Scrshot\12092023054007.png.png' src='C:\Users\2123004\OneDrive - Cognizant\Documents\automation kfc\KFC_Canada_OLO_PROD\Scrshot\12092023054007.png.png' data-src='C:\Users\2123004\OneDrive - Cognizant\Documents\automation kfc\KFC_Canada_OLO_PROD\Scrshot\12092023054007.png.png'>
				</td>
			</tr>
			<tr class='log' status='pass'>
				<td class='status pass' title='pass' alt='pass'><i class='material-icons'>check_circle</i></td>
				<td class='timestamp'>5:40:13 PM</td>
				<td class='step-details'>
						Items added to cart successfully
					<img class='r-img' onerror='this.style.display="none"' data-featherlight='C:\Users\2123004\OneDrive - Cognizant\Documents\automation kfc\KFC_Canada_OLO_PROD\Scrshot\12092023054012.png.png' src='C:\Users\2123004\OneDrive - Cognizant\Documents\automation kfc\KFC_Canada_OLO_PROD\Scrshot\12092023054012.png.png' data-src='C:\Users\2123004\OneDrive - Cognizant\Documents\automation kfc\KFC_Canada_OLO_PROD\Scrshot\12092023054012.png.png'>
				</td>
			</tr>
			<tr class='log' status='pass'>
				<td class='status pass' title='pass' alt='pass'><i class='material-icons'>check_circle</i></td>
				<td class='timestamp'>5:40:16 PM</td>
				<td class='step-details'>
						Test is passed
					
				</td>
			</tr>
		</tbody>
	</table>
</div>
						<ul class='screenshots'>
							<li><img class='r-img' onerror='this.style.display="none"' data-featherlight='C:\Users\2123004\OneDrive - Cognizant\Documents\automation kfc\KFC_Canada_OLO_PROD\Scrshot\ValidateRegisteredUser_Pickup_Future_Ordering_ByCash.png' src='C:\Users\2123004\OneDrive - Cognizant\Documents\automation kfc\KFC_Canada_OLO_PROD\Scrshot\ValidateRegisteredUser_Pickup_Future_Ordering_ByCash.png' data-src='C:\Users\2123004\OneDrive - Cognizant\Documents\automation kfc\KFC_Canada_OLO_PROD\Scrshot\ValidateRegisteredUser_Pickup_Future_Ordering_ByCash.png'></li>
						</ul>
					</div>
				</li>
				<li class='test displayed active  pass' status='pass' bdd='false' test-id='2'>
					<div class='test-heading'>
						<span class='test-name'>ValidateRegisteredUserDelivery_ByCard</span>
						<span class='test-time'>Sep 12, 2023 05:40:29 PM</span>
						<span class='test-status right pass'>pass</span>
					</div>
					<div class='test-content hide'>
<div class='test-time-info'>
	<span class='label start-time'>Sep 12, 2023 05:40:29 PM</span>
	<span class='label end-time'>Sep 12, 2023 05:41:22 PM</span>
	<span class='label time-taken grey lighten-1 white-text'>0h 0m 53s+709ms</span>
</div>
<div class='test-steps'>
	<table class='bordered table-results'>
		<thead>
			<tr>
				<th>Status</th>
				<th>Timestamp</th>
				<th>Details</th>
			</tr>
		</thead>
		<tbody>
			<tr class='log' status='pass'>
				<td class='status pass' title='pass' alt='pass'><i class='material-icons'>check_circle</i></td>
				<td class='timestamp'>5:40:41 PM</td>
				<td class='step-details'>
						User Logged in successfully
					<img class='r-img' onerror='this.style.display="none"' data-featherlight='C:\Users\2123004\OneDrive - Cognizant\Documents\automation kfc\KFC_Canada_OLO_PROD\Scrshot\12092023054040.png.png' src='C:\Users\2123004\OneDrive - Cognizant\Documents\automation kfc\KFC_Canada_OLO_PROD\Scrshot\12092023054040.png.png' data-src='C:\Users\2123004\OneDrive - Cognizant\Documents\automation kfc\KFC_Canada_OLO_PROD\Scrshot\12092023054040.png.png'>
				</td>
			</tr>
			<tr class='log' status='pass'>
				<td class='status pass' title='pass' alt='pass'><i class='material-icons'>check_circle</i></td>
				<td class='timestamp'>5:40:51 PM</td>
				<td class='step-details'>
						store selected successfully
					<img class='r-img' onerror='this.style.display="none"' data-featherlight='C:\Users\2123004\OneDrive - Cognizant\Documents\automation kfc\KFC_Canada_OLO_PROD\Scrshot\12092023054050.png.png' src='C:\Users\2123004\OneDrive - Cognizant\Documents\automation kfc\KFC_Canada_OLO_PROD\Scrshot\12092023054050.png.png' data-src='C:\Users\2123004\OneDrive - Cognizant\Documents\automation kfc\KFC_Canada_OLO_PROD\Scrshot\12092023054050.png.png'>
				</td>
			</tr>
			<tr class='log' status='pass'>
				<td class='status pass' title='pass' alt='pass'><i class='material-icons'>check_circle</i></td>
				<td class='timestamp'>5:41:19 PM</td>
				<td class='step-details'>
						Items added to cart successfully
					<img class='r-img' onerror='this.style.display="none"' data-featherlight='C:\Users\2123004\OneDrive - Cognizant\Documents\automation kfc\KFC_Canada_OLO_PROD\Scrshot\12092023054119.png.png' src='C:\Users\2123004\OneDrive - Cognizant\Documents\automation kfc\KFC_Canada_OLO_PROD\Scrshot\12092023054119.png.png' data-src='C:\Users\2123004\OneDrive - Cognizant\Documents\automation kfc\KFC_Canada_OLO_PROD\Scrshot\12092023054119.png.png'>
				</td>
			</tr>
			<tr class='log' status='pass'>
				<td class='status pass' title='pass' alt='pass'><i class='material-icons'>check_circle</i></td>
				<td class='timestamp'>5:41:22 PM</td>
				<td class='step-details'>
						Test is passed
					
				</td>
			</tr>
		</tbody>
	</table>
</div>
						<ul class='screenshots'>
							<li><img class='r-img' onerror='this.style.display="none"' data-featherlight='C:\Users\2123004\OneDrive - Cognizant\Documents\automation kfc\KFC_Canada_OLO_PROD\Scrshot\ValidateRegisteredUserDelivery_ByCard.png' src='C:\Users\2123004\OneDrive - Cognizant\Documents\automation kfc\KFC_Canada_OLO_PROD\Scrshot\ValidateRegisteredUserDelivery_ByCard.png' data-src='C:\Users\2123004\OneDrive - Cognizant\Documents\automation kfc\KFC_Canada_OLO_PROD\Scrshot\ValidateRegisteredUserDelivery_ByCard.png'></li>
						</ul>
					</div>
				</li>
				<li class='test displayed active  pass' status='pass' bdd='false' test-id='3'>
					<div class='test-heading'>
						<span class='test-name'>Click_PaymentDetails</span>
						<span class='test-time'>Sep 12, 2023 05:41:36 PM</span>
						<span class='test-status right pass'>pass</span>
					</div>
					<div class='test-content hide'>
<div class='test-time-info'>
	<span class='label start-time'>Sep 12, 2023 05:41:36 PM</span>
	<span class='label end-time'>Sep 12, 2023 05:42:01 PM</span>
	<span class='label time-taken grey lighten-1 white-text'>0h 0m 24s+787ms</span>
</div>
<div class='test-steps'>
	<table class='bordered table-results'>
		<thead>
			<tr>
				<th>Status</th>
				<th>Timestamp</th>
				<th>Details</th>
			</tr>
		</thead>
		<tbody>
			<tr class='log' status='pass'>
				<td class='status pass' title='pass' alt='pass'><i class='material-icons'>check_circle</i></td>
				<td class='timestamp'>5:41:48 PM</td>
				<td class='step-details'>
						User Logged in successfully
					<img class='r-img' onerror='this.style.display="none"' data-featherlight='C:\Users\2123004\OneDrive - Cognizant\Documents\automation kfc\KFC_Canada_OLO_PROD\Scrshot\12092023054147.png.png' src='C:\Users\2123004\OneDrive - Cognizant\Documents\automation kfc\KFC_Canada_OLO_PROD\Scrshot\12092023054147.png.png' data-src='C:\Users\2123004\OneDrive - Cognizant\Documents\automation kfc\KFC_Canada_OLO_PROD\Scrshot\12092023054147.png.png'>
				</td>
			</tr>
			<tr class='log' status='pass'>
				<td class='status pass' title='pass' alt='pass'><i class='material-icons'>check_circle</i></td>
				<td class='timestamp'>5:42:01 PM</td>
				<td class='step-details'>
						Test is passed
					
				</td>
			</tr>
		</tbody>
	</table>
</div>
						<ul class='screenshots'>
							<li><img class='r-img' onerror='this.style.display="none"' data-featherlight='C:\Users\2123004\OneDrive - Cognizant\Documents\automation kfc\KFC_Canada_OLO_PROD\Scrshot\Click_PaymentDetails.png' src='C:\Users\2123004\OneDrive - Cognizant\Documents\automation kfc\KFC_Canada_OLO_PROD\Scrshot\Click_PaymentDetails.png' data-src='C:\Users\2123004\OneDrive - Cognizant\Documents\automation kfc\KFC_Canada_OLO_PROD\Scrshot\Click_PaymentDetails.png'></li>
						</ul>
					</div>
				</li>
				<li class='test displayed active  pass' status='pass' bdd='false' test-id='4'>
					<div class='test-heading'>
						<span class='test-name'>ValidatePlusAndMinusInCartPageTest</span>
						<span class='test-time'>Sep 12, 2023 05:42:13 PM</span>
						<span class='test-status right pass'>pass</span>
					</div>
					<div class='test-content hide'>
<div class='test-time-info'>
	<span class='label start-time'>Sep 12, 2023 05:42:13 PM</span>
	<span class='label end-time'>Sep 12, 2023 05:43:35 PM</span>
	<span class='label time-taken grey lighten-1 white-text'>0h 1m 21s+780ms</span>
</div>
<div class='test-steps'>
	<table class='bordered table-results'>
		<thead>
			<tr>
				<th>Status</th>
				<th>Timestamp</th>
				<th>Details</th>
			</tr>
		</thead>
		<tbody>
			<tr class='log' status='pass'>
				<td class='status pass' title='pass' alt='pass'><i class='material-icons'>check_circle</i></td>
				<td class='timestamp'>5:42:26 PM</td>
				<td class='step-details'>
						User Logged in successfully
					<img class='r-img' onerror='this.style.display="none"' data-featherlight='C:\Users\2123004\OneDrive - Cognizant\Documents\automation kfc\KFC_Canada_OLO_PROD\Scrshot\12092023054224.png.png' src='C:\Users\2123004\OneDrive - Cognizant\Documents\automation kfc\KFC_Canada_OLO_PROD\Scrshot\12092023054224.png.png' data-src='C:\Users\2123004\OneDrive - Cognizant\Documents\automation kfc\KFC_Canada_OLO_PROD\Scrshot\12092023054224.png.png'>
				</td>
			</tr>
			<tr class='log' status='pass'>
				<td class='status pass' title='pass' alt='pass'><i class='material-icons'>check_circle</i></td>
				<td class='timestamp'>5:42:41 PM</td>
				<td class='step-details'>
						store selected successfully
					<img class='r-img' onerror='this.style.display="none"' data-featherlight='C:\Users\2123004\OneDrive - Cognizant\Documents\automation kfc\KFC_Canada_OLO_PROD\Scrshot\12092023054239.png.png' src='C:\Users\2123004\OneDrive - Cognizant\Documents\automation kfc\KFC_Canada_OLO_PROD\Scrshot\12092023054239.png.png' data-src='C:\Users\2123004\OneDrive - Cognizant\Documents\automation kfc\KFC_Canada_OLO_PROD\Scrshot\12092023054239.png.png'>
				</td>
			</tr>
			<tr class='log' status='pass'>
				<td class='status pass' title='pass' alt='pass'><i class='material-icons'>check_circle</i></td>
				<td class='timestamp'>5:43:23 PM</td>
				<td class='step-details'>
						Item quantity increased successfully
					<img class='r-img' onerror='this.style.display="none"' data-featherlight='C:\Users\2123004\OneDrive - Cognizant\Documents\automation kfc\KFC_Canada_OLO_PROD\Scrshot\12092023054323.png.png' src='C:\Users\2123004\OneDrive - Cognizant\Documents\automation kfc\KFC_Canada_OLO_PROD\Scrshot\12092023054323.png.png' data-src='C:\Users\2123004\OneDrive - Cognizant\Documents\automation kfc\KFC_Canada_OLO_PROD\Scrshot\12092023054323.png.png'>
				</td>
			</tr>
			<tr class='log' status='pass'>
				<td class='status pass' title='pass' alt='pass'><i class='material-icons'>check_circle</i></td>
				<td class='timestamp'>5:43:32 PM</td>
				<td class='step-details'>
						Item quantity Decreased successfully
					<img class='r-img' onerror='this.style.display="none"' data-featherlight='C:\Users\2123004\OneDrive - Cognizant\Documents\automation kfc\KFC_Canada_OLO_PROD\Scrshot\12092023054331.png.png' src='C:\Users\2123004\OneDrive - Cognizant\Documents\automation kfc\KFC_Canada_OLO_PROD\Scrshot\12092023054331.png.png' data-src='C:\Users\2123004\OneDrive - Cognizant\Documents\automation kfc\KFC_Canada_OLO_PROD\Scrshot\12092023054331.png.png'>
				</td>
			</tr>
			<tr class='log' status='pass'>
				<td class='status pass' title='pass' alt='pass'><i class='material-icons'>check_circle</i></td>
				<td class='timestamp'>5:43:35 PM</td>
				<td class='step-details'>
						Test is passed
					
				</td>
			</tr>
		</tbody>
	</table>
</div>
						<ul class='screenshots'>
							<li><img class='r-img' onerror='this.style.display="none"' data-featherlight='C:\Users\2123004\OneDrive - Cognizant\Documents\automation kfc\KFC_Canada_OLO_PROD\Scrshot\ValidatePlusAndMinusInCartPageTest.png' src='C:\Users\2123004\OneDrive - Cognizant\Documents\automation kfc\KFC_Canada_OLO_PROD\Scrshot\ValidatePlusAndMinusInCartPageTest.png' data-src='C:\Users\2123004\OneDrive - Cognizant\Documents\automation kfc\KFC_Canada_OLO_PROD\Scrshot\ValidatePlusAndMinusInCartPageTest.png'></li>
						</ul>
					</div>
				</li>
				<li class='test displayed active  pass' status='pass' bdd='false' test-id='5'>
					<div class='test-heading'>
						<span class='test-name'>ClickPreviousOrder</span>
						<span class='test-time'>Sep 12, 2023 05:43:47 PM</span>
						<span class='test-status right pass'>pass</span>
					</div>
					<div class='test-content hide'>
<div class='test-time-info'>
	<span class='label start-time'>Sep 12, 2023 05:43:47 PM</span>
	<span class='label end-time'>Sep 12, 2023 05:44:16 PM</span>
	<span class='label time-taken grey lighten-1 white-text'>0h 0m 29s+391ms</span>
</div>
<div class='test-steps'>
	<table class='bordered table-results'>
		<thead>
			<tr>
				<th>Status</th>
				<th>Timestamp</th>
				<th>Details</th>
			</tr>
		</thead>
		<tbody>
			<tr class='log' status='pass'>
				<td class='status pass' title='pass' alt='pass'><i class='material-icons'>check_circle</i></td>
				<td class='timestamp'>5:43:58 PM</td>
				<td class='step-details'>
						User Logged in successfully
					<img class='r-img' onerror='this.style.display="none"' data-featherlight='C:\Users\2123004\OneDrive - Cognizant\Documents\automation kfc\KFC_Canada_OLO_PROD\Scrshot\12092023054357.png.png' src='C:\Users\2123004\OneDrive - Cognizant\Documents\automation kfc\KFC_Canada_OLO_PROD\Scrshot\12092023054357.png.png' data-src='C:\Users\2123004\OneDrive - Cognizant\Documents\automation kfc\KFC_Canada_OLO_PROD\Scrshot\12092023054357.png.png'>
				</td>
			</tr>
			<tr class='log' status='pass'>
				<td class='status pass' title='pass' alt='pass'><i class='material-icons'>check_circle</i></td>
				<td class='timestamp'>5:44:16 PM</td>
				<td class='step-details'>
						Test is passed
					
				</td>
			</tr>
		</tbody>
	</table>
</div>
						<ul class='screenshots'>
							<li><img class='r-img' onerror='this.style.display="none"' data-featherlight='C:\Users\2123004\OneDrive - Cognizant\Documents\automation kfc\KFC_Canada_OLO_PROD\Scrshot\ClickPreviousOrder.png' src='C:\Users\2123004\OneDrive - Cognizant\Documents\automation kfc\KFC_Canada_OLO_PROD\Scrshot\ClickPreviousOrder.png' data-src='C:\Users\2123004\OneDrive - Cognizant\Documents\automation kfc\KFC_Canada_OLO_PROD\Scrshot\ClickPreviousOrder.png'></li>
						</ul>
					</div>
				</li>
				<li class='test displayed active  pass' status='pass' bdd='false' test-id='6'>
					<div class='test-heading'>
						<span class='test-name'>ClicksavedAddesses</span>
						<span class='test-time'>Sep 12, 2023 05:44:29 PM</span>
						<span class='test-status right pass'>pass</span>
					</div>
					<div class='test-content hide'>
<div class='test-time-info'>
	<span class='label start-time'>Sep 12, 2023 05:44:29 PM</span>
	<span class='label end-time'>Sep 12, 2023 05:44:45 PM</span>
	<span class='label time-taken grey lighten-1 white-text'>0h 0m 15s+212ms</span>
</div>
<div class='test-steps'>
	<table class='bordered table-results'>
		<thead>
			<tr>
				<th>Status</th>
				<th>Timestamp</th>
				<th>Details</th>
			</tr>
		</thead>
		<tbody>
			<tr class='log' status='pass'>
				<td class='status pass' title='pass' alt='pass'><i class='material-icons'>check_circle</i></td>
				<td class='timestamp'>5:44:41 PM</td>
				<td class='step-details'>
						User Logged in successfully
					<img class='r-img' onerror='this.style.display="none"' data-featherlight='C:\Users\2123004\OneDrive - Cognizant\Documents\automation kfc\KFC_Canada_OLO_PROD\Scrshot\12092023054439.png.png' src='C:\Users\2123004\OneDrive - Cognizant\Documents\automation kfc\KFC_Canada_OLO_PROD\Scrshot\12092023054439.png.png' data-src='C:\Users\2123004\OneDrive - Cognizant\Documents\automation kfc\KFC_Canada_OLO_PROD\Scrshot\12092023054439.png.png'>
				</td>
			</tr>
			<tr class='log' status='pass'>
				<td class='status pass' title='pass' alt='pass'><i class='material-icons'>check_circle</i></td>
				<td class='timestamp'>5:44:45 PM</td>
				<td class='step-details'>
						Test is passed
					
				</td>
			</tr>
		</tbody>
	</table>
</div>
						<ul class='screenshots'>
							<li><img class='r-img' onerror='this.style.display="none"' data-featherlight='C:\Users\2123004\OneDrive - Cognizant\Documents\automation kfc\KFC_Canada_OLO_PROD\Scrshot\ClicksavedAddesses.png' src='C:\Users\2123004\OneDrive - Cognizant\Documents\automation kfc\KFC_Canada_OLO_PROD\Scrshot\ClicksavedAddesses.png' data-src='C:\Users\2123004\OneDrive - Cognizant\Documents\automation kfc\KFC_Canada_OLO_PROD\Scrshot\ClicksavedAddesses.png'></li>
						</ul>
					</div>
				</li>
				<li class='test displayed active  fail' status='fail' bdd='false' test-id='7'>
					<div class='test-heading'>
						<span class='test-name'>Validate_RegisteredUser_Delivery_AddMoreFood_Button</span>
						<span class='test-time'>Sep 12, 2023 05:44:56 PM</span>
						<span class='test-status right fail'>fail</span>
					</div>
					<div class='test-content hide'>
<div class='test-time-info'>
	<span class='label start-time'>Sep 12, 2023 05:44:56 PM</span>
	<span class='label end-time'>Sep 12, 2023 05:45:18 PM</span>
	<span class='label time-taken grey lighten-1 white-text'>0h 0m 21s+934ms</span>
</div>
<div class='test-steps'>
	<table class='bordered table-results'>
		<thead>
			<tr>
				<th>Status</th>
				<th>Timestamp</th>
				<th>Details</th>
			</tr>
		</thead>
		<tbody>
			<tr class='log' status='pass'>
				<td class='status pass' title='pass' alt='pass'><i class='material-icons'>check_circle</i></td>
				<td class='timestamp'>5:45:07 PM</td>
				<td class='step-details'>
						User Logged in successfully
					<img class='r-img' onerror='this.style.display="none"' data-featherlight='C:\Users\2123004\OneDrive - Cognizant\Documents\automation kfc\KFC_Canada_OLO_PROD\Scrshot\12092023054506.png.png' src='C:\Users\2123004\OneDrive - Cognizant\Documents\automation kfc\KFC_Canada_OLO_PROD\Scrshot\12092023054506.png.png' data-src='C:\Users\2123004\OneDrive - Cognizant\Documents\automation kfc\KFC_Canada_OLO_PROD\Scrshot\12092023054506.png.png'>
				</td>
			</tr>
			<tr class='log' status='pass'>
				<td class='status pass' title='pass' alt='pass'><i class='material-icons'>check_circle</i></td>
				<td class='timestamp'>5:45:17 PM</td>
				<td class='step-details'>
						store selected successfully
					<img class='r-img' onerror='this.style.display="none"' data-featherlight='C:\Users\2123004\OneDrive - Cognizant\Documents\automation kfc\KFC_Canada_OLO_PROD\Scrshot\12092023054516.png.png' src='C:\Users\2123004\OneDrive - Cognizant\Documents\automation kfc\KFC_Canada_OLO_PROD\Scrshot\12092023054516.png.png' data-src='C:\Users\2123004\OneDrive - Cognizant\Documents\automation kfc\KFC_Canada_OLO_PROD\Scrshot\12092023054516.png.png'>
				</td>
			</tr>
			<tr class='log' status='fail'>
				<td class='status fail' title='fail' alt='fail'><i class='material-icons'>cancel</i></td>
				<td class='timestamp'>5:45:18 PM</td>
				<td class='step-details'>
						<textarea disabled class="code-block">org.openqa.selenium.ElementClickInterceptedException: element click intercepted: Element <a href="/menu/overview">...</a> is not clickable at point (72, 26). Other element would receive the click: <div class="container-fluid modal vertically-modal pr-0 show" data-backdrop="static"  data-keyboard="false" id="wrapLocationMapContainer" style="padding-right: 17px; display: block;">...</div>
  (Session info: chrome=115.0.5790.99)
Build info: version: '4.6.0', revision: '79f1c02ae20'
System info: os.name: 'Windows 11', os.arch: 'amd64', os.version: '10.0', java.version: '17.0.6'
Driver info: org.openqa.selenium.chrome.ChromeDriver
Command: [e1edef4cbbf03055fc6d486c58f82f54, clickElement {id=EB0F6C0EF6352BAF9441DC88574EEA5B_element_42}]
Capabilities {acceptInsecureCerts: false, browserName: chrome, browserVersion: 115.0.5790.99, chrome: {chromedriverVersion: 114.0.5735.90 (386bc09e8f4f..., userDataDir: C:\windows\SystemTemp\scope...}, goog:chromeOptions: {debuggerAddress: localhost:51907}, networkConnectionEnabled: false, pageLoadStrategy: normal, platformName: WINDOWS, proxy: Proxy(), se:cdp: ws://localhost:51907/devtoo..., se:cdpVersion: 115.0.5790.99, setWindowRect: true, strictFileInteractability: false, timeouts: {implicit: 0, pageLoad: 300000, script: 30000}, unhandledPromptBehavior: dismiss and notify, webauthn:extension:credBlob: true, webauthn:extension:largeBlob: true, webauthn:extension:minPinLength: true, webauthn:extension:prf: true, webauthn:virtualAuthenticators: true}
Element: [[ChromeDriver: chrome on WINDOWS (e1edef4cbbf03055fc6d486c58f82f54)] -> xpath: //a[@href='/menu/overview']]
Session ID: e1edef4cbbf03055fc6d486c58f82f54
	at java.base/jdk.internal.reflect.NativeConstructorAccessorImpl.newInstance0(Native Method)
	at java.base/jdk.internal.reflect.NativeConstructorAccessorImpl.newInstance(NativeConstructorAccessorImpl.java:77)
	at java.base/jdk.internal.reflect.DelegatingConstructorAccessorImpl.newInstance(DelegatingConstructorAccessorImpl.java:45)
	at java.base/java.lang.reflect.Constructor.newInstanceWithCaller(Constructor.java:499)
	at java.base/java.lang.reflect.Constructor.newInstance(Constructor.java:480)
	at org.openqa.selenium.remote.codec.w3c.W3CHttpResponseCodec.createException(W3CHttpResponseCodec.java:200)
	at org.openqa.selenium.remote.codec.w3c.W3CHttpResponseCodec.decode(W3CHttpResponseCodec.java:133)
	at org.openqa.selenium.remote.codec.w3c.W3CHttpResponseCodec.decode(W3CHttpResponseCodec.java:53)
	at org.openqa.selenium.remote.HttpCommandExecutor.execute(HttpCommandExecutor.java:184)
	at org.openqa.selenium.remote.service.DriverCommandExecutor.invokeExecute(DriverCommandExecutor.java:167)
	at org.openqa.selenium.remote.service.DriverCommandExecutor.execute(DriverCommandExecutor.java:142)
	at org.openqa.selenium.remote.RemoteWebDriver.execute(RemoteWebDriver.java:541)
	at org.openqa.selenium.remote.RemoteWebElement.execute(RemoteWebElement.java:257)
	at org.openqa.selenium.remote.RemoteWebElement.click(RemoteWebElement.java:78)
	at jdk.internal.reflect.GeneratedMethodAccessor1.invoke(Unknown Source)
	at java.base/jdk.internal.reflect.DelegatingMethodAccessorImpl.invoke(DelegatingMethodAccessorImpl.java:43)
	at java.base/java.lang.reflect.Method.invoke(Method.java:568)
	at org.openqa.selenium.support.pagefactory.internal.LocatingElementHandler.invoke(LocatingElementHandler.java:52)
	at jdk.proxy2/jdk.proxy2.$Proxy15.click(Unknown Source)
	at testcases.RegisteredUser_Delivery_AddMoreFood_Button.Validate_RegisteredUser_Delivery_AddMoreFood_Button(RegisteredUser_Delivery_AddMoreFood_Button.java:18)
	at java.base/jdk.internal.reflect.NativeMethodAccessorImpl.invoke0(Native Method)
	at java.base/jdk.internal.reflect.NativeMethodAccessorImpl.invoke(NativeMethodAccessorImpl.java:77)
	at java.base/jdk.internal.reflect.DelegatingMethodAccessorImpl.invoke(DelegatingMethodAccessorImpl.java:43)
	at java.base/java.lang.reflect.Method.invoke(Method.java:568)
	at org.testng.internal.MethodInvocationHelper.invokeMethod(MethodInvocationHelper.java:133)
	at org.testng.internal.TestInvoker.invokeMethod(TestInvoker.java:598)
	at org.testng.internal.TestInvoker.invokeTestMethod(TestInvoker.java:173)
	at org.testng.internal.MethodRunner.runInSequence(MethodRunner.java:46)
	at org.testng.internal.TestInvoker$MethodInvocationAgent.invoke(TestInvoker.java:824)
	at org.testng.internal.TestInvoker.invokeTestMethods(TestInvoker.java:146)
	at org.testng.internal.TestMethodWorker.invokeTestMethods(TestMethodWorker.java:146)
	at org.testng.internal.TestMethodWorker.run(TestMethodWorker.java:128)
	at java.base/java.util.ArrayList.forEach(ArrayList.java:1511)
	at org.testng.TestRunner.privateRun(TestRunner.java:794)
	at org.testng.TestRunner.run(TestRunner.java:596)
	at org.testng.SuiteRunner.runTest(SuiteRunner.java:377)
	at org.testng.SuiteRunner.runSequentially(SuiteRunner.java:371)
	at org.testng.SuiteRunner.privateRun(SuiteRunner.java:332)
	at org.testng.SuiteRunner.run(SuiteRunner.java:276)
	at org.testng.SuiteRunnerWorker.runSuite(SuiteRunnerWorker.java:53)
	at org.testng.SuiteRunnerWorker.run(SuiteRunnerWorker.java:96)
	at org.testng.TestNG.runSuitesSequentially(TestNG.java:1212)
	at org.testng.TestNG.runSuitesLocally(TestNG.java:1134)
	at org.testng.TestNG.runSuites(TestNG.java:1063)
	at org.testng.TestNG.run(TestNG.java:1031)
	at org.apache.maven.surefire.testng.TestNGExecutor.run(TestNGExecutor.java:324)
	at org.apache.maven.surefire.testng.TestNGXmlTestSuite.execute(TestNGXmlTestSuite.java:74)
	at org.apache.maven.surefire.testng.TestNGProvider.invoke(TestNGProvider.java:123)
	at org.apache.maven.surefire.booter.ForkedBooter.runSuitesInProcess(ForkedBooter.java:456)
	at org.apache.maven.surefire.booter.ForkedBooter.execute(ForkedBooter.java:169)
	at org.apache.maven.surefire.booter.ForkedBooter.run(ForkedBooter.java:595)
	at org.apache.maven.surefire.booter.ForkedBooter.main(ForkedBooter.java:581)
</textarea>
					
				</td>
			</tr>
		</tbody>
	</table>
</div>
						<ul class='screenshots'>
							<li><img class='r-img' onerror='this.style.display="none"' data-featherlight='C:\Users\2123004\OneDrive - Cognizant\Documents\automation kfc\KFC_Canada_OLO_PROD\Scrshot\Validate_RegisteredUser_Delivery_AddMoreFood_Button.png' src='C:\Users\2123004\OneDrive - Cognizant\Documents\automation kfc\KFC_Canada_OLO_PROD\Scrshot\Validate_RegisteredUser_Delivery_AddMoreFood_Button.png' data-src='C:\Users\2123004\OneDrive - Cognizant\Documents\automation kfc\KFC_Canada_OLO_PROD\Scrshot\Validate_RegisteredUser_Delivery_AddMoreFood_Button.png'></li>
						</ul>
					</div>
				</li>
				<li class='test displayed active  pass' status='pass' bdd='false' test-id='8'>
					<div class='test-heading'>
						<span class='test-name'>ValidateGuestUserPickupStoreSelection</span>
						<span class='test-time'>Sep 12, 2023 05:45:30 PM</span>
						<span class='test-status right pass'>pass</span>
					</div>
					<div class='test-content hide'>
<div class='test-time-info'>
	<span class='label start-time'>Sep 12, 2023 05:45:30 PM</span>
	<span class='label end-time'>Sep 12, 2023 05:45:41 PM</span>
	<span class='label time-taken grey lighten-1 white-text'>0h 0m 10s+543ms</span>
</div>
<div class='test-steps'>
	<table class='bordered table-results'>
		<thead>
			<tr>
				<th>Status</th>
				<th>Timestamp</th>
				<th>Details</th>
			</tr>
		</thead>
		<tbody>
			<tr class='log' status='pass'>
				<td class='status pass' title='pass' alt='pass'><i class='material-icons'>check_circle</i></td>
				<td class='timestamp'>5:45:41 PM</td>
				<td class='step-details'>
						store selected successfully
					<img class='r-img' onerror='this.style.display="none"' data-featherlight='C:\Users\2123004\OneDrive - Cognizant\Documents\automation kfc\KFC_Canada_OLO_PROD\Scrshot\12092023054540.png.png' src='C:\Users\2123004\OneDrive - Cognizant\Documents\automation kfc\KFC_Canada_OLO_PROD\Scrshot\12092023054540.png.png' data-src='C:\Users\2123004\OneDrive - Cognizant\Documents\automation kfc\KFC_Canada_OLO_PROD\Scrshot\12092023054540.png.png'>
				</td>
			</tr>
			<tr class='log' status='pass'>
				<td class='status pass' title='pass' alt='pass'><i class='material-icons'>check_circle</i></td>
				<td class='timestamp'>5:45:41 PM</td>
				<td class='step-details'>
						Test is passed
					
				</td>
			</tr>
		</tbody>
	</table>
</div>
						<ul class='screenshots'>
							<li><img class='r-img' onerror='this.style.display="none"' data-featherlight='C:\Users\2123004\OneDrive - Cognizant\Documents\automation kfc\KFC_Canada_OLO_PROD\Scrshot\ValidateGuestUserPickupStoreSelection.png' src='C:\Users\2123004\OneDrive - Cognizant\Documents\automation kfc\KFC_Canada_OLO_PROD\Scrshot\ValidateGuestUserPickupStoreSelection.png' data-src='C:\Users\2123004\OneDrive - Cognizant\Documents\automation kfc\KFC_Canada_OLO_PROD\Scrshot\ValidateGuestUserPickupStoreSelection.png'></li>
						</ul>
					</div>
				</li>
				<li class='test displayed active  fail' status='fail' bdd='false' test-id='9'>
					<div class='test-heading'>
						<span class='test-name'>ValidateRegisteredUser_Delivery_Future_Ordering_ByCard</span>
						<span class='test-time'>Sep 12, 2023 05:45:52 PM</span>
						<span class='test-status right fail'>fail</span>
					</div>
					<div class='test-content hide'>
<div class='test-time-info'>
	<span class='label start-time'>Sep 12, 2023 05:45:52 PM</span>
	<span class='label end-time'>Sep 12, 2023 05:46:31 PM</span>
	<span class='label time-taken grey lighten-1 white-text'>0h 0m 39s+413ms</span>
</div>
<div class='test-steps'>
	<table class='bordered table-results'>
		<thead>
			<tr>
				<th>Status</th>
				<th>Timestamp</th>
				<th>Details</th>
			</tr>
		</thead>
		<tbody>
			<tr class='log' status='pass'>
				<td class='status pass' title='pass' alt='pass'><i class='material-icons'>check_circle</i></td>
				<td class='timestamp'>5:46:02 PM</td>
				<td class='step-details'>
						User Logged in successfully
					<img class='r-img' onerror='this.style.display="none"' data-featherlight='C:\Users\2123004\OneDrive - Cognizant\Documents\automation kfc\KFC_Canada_OLO_PROD\Scrshot\12092023054601.png.png' src='C:\Users\2123004\OneDrive - Cognizant\Documents\automation kfc\KFC_Canada_OLO_PROD\Scrshot\12092023054601.png.png' data-src='C:\Users\2123004\OneDrive - Cognizant\Documents\automation kfc\KFC_Canada_OLO_PROD\Scrshot\12092023054601.png.png'>
				</td>
			</tr>
			<tr class='log' status='pass'>
				<td class='status pass' title='pass' alt='pass'><i class='material-icons'>check_circle</i></td>
				<td class='timestamp'>5:46:11 PM</td>
				<td class='step-details'>
						store selected successfully
					<img class='r-img' onerror='this.style.display="none"' data-featherlight='C:\Users\2123004\OneDrive - Cognizant\Documents\automation kfc\KFC_Canada_OLO_PROD\Scrshot\12092023054610.png.png' src='C:\Users\2123004\OneDrive - Cognizant\Documents\automation kfc\KFC_Canada_OLO_PROD\Scrshot\12092023054610.png.png' data-src='C:\Users\2123004\OneDrive - Cognizant\Documents\automation kfc\KFC_Canada_OLO_PROD\Scrshot\12092023054610.png.png'>
				</td>
			</tr>
			<tr class='log' status='fail'>
				<td class='status fail' title='fail' alt='fail'><i class='material-icons'>cancel</i></td>
				<td class='timestamp'>5:46:31 PM</td>
				<td class='step-details'>
						<textarea disabled class="code-block">org.openqa.selenium.NoSuchElementException: no such element: Unable to locate element: {"method":"xpath","selector":"//*[@id="favItem-modal"]/div/div/div/div[1]/div[2]"}
  (Session info: chrome=115.0.5790.99)
For documentation on this error, please visit: https://selenium.dev/exceptions/#no_such_element
Build info: version: '4.6.0', revision: '79f1c02ae20'
System info: os.name: 'Windows 11', os.arch: 'amd64', os.version: '10.0', java.version: '17.0.6'
Driver info: org.openqa.selenium.chrome.ChromeDriver
Command: [8d2f7748b5d12d52f254db9664656197, findElement {using=xpath, value=//*[@id="favItem-modal"]/div/div/div/div[1]/div[2]}]
Capabilities {acceptInsecureCerts: false, browserName: chrome, browserVersion: 115.0.5790.99, chrome: {chromedriverVersion: 114.0.5735.90 (386bc09e8f4f..., userDataDir: C:\windows\SystemTemp\scope...}, goog:chromeOptions: {debuggerAddress: localhost:65294}, networkConnectionEnabled: false, pageLoadStrategy: normal, platformName: WINDOWS, proxy: Proxy(), se:cdp: ws://localhost:65294/devtoo..., se:cdpVersion: 115.0.5790.99, setWindowRect: true, strictFileInteractability: false, timeouts: {implicit: 0, pageLoad: 300000, script: 30000}, unhandledPromptBehavior: dismiss and notify, webauthn:extension:credBlob: true, webauthn:extension:largeBlob: true, webauthn:extension:minPinLength: true, webauthn:extension:prf: true, webauthn:virtualAuthenticators: true}
Session ID: 8d2f7748b5d12d52f254db9664656197
	at java.base/jdk.internal.reflect.NativeConstructorAccessorImpl.newInstance0(Native Method)
	at java.base/jdk.internal.reflect.NativeConstructorAccessorImpl.newInstance(NativeConstructorAccessorImpl.java:77)
	at java.base/jdk.internal.reflect.DelegatingConstructorAccessorImpl.newInstance(DelegatingConstructorAccessorImpl.java:45)
	at java.base/java.lang.reflect.Constructor.newInstanceWithCaller(Constructor.java:499)
	at java.base/java.lang.reflect.Constructor.newInstance(Constructor.java:480)
	at org.openqa.selenium.remote.codec.w3c.W3CHttpResponseCodec.createException(W3CHttpResponseCodec.java:200)
	at org.openqa.selenium.remote.codec.w3c.W3CHttpResponseCodec.decode(W3CHttpResponseCodec.java:133)
	at org.openqa.selenium.remote.codec.w3c.W3CHttpResponseCodec.decode(W3CHttpResponseCodec.java:53)
	at org.openqa.selenium.remote.HttpCommandExecutor.execute(HttpCommandExecutor.java:184)
	at org.openqa.selenium.remote.service.DriverCommandExecutor.invokeExecute(DriverCommandExecutor.java:167)
	at org.openqa.selenium.remote.service.DriverCommandExecutor.execute(DriverCommandExecutor.java:142)
	at org.openqa.selenium.remote.RemoteWebDriver.execute(RemoteWebDriver.java:541)
	at org.openqa.selenium.remote.ElementLocation$ElementFinder$2.findElement(ElementLocation.java:162)
	at org.openqa.selenium.remote.ElementLocation.findElement(ElementLocation.java:60)
	at org.openqa.selenium.remote.RemoteWebDriver.findElement(RemoteWebDriver.java:365)
	at org.openqa.selenium.remote.RemoteWebDriver.findElement(RemoteWebDriver.java:357)
	at org.openqa.selenium.support.pagefactory.DefaultElementLocator.findElement(DefaultElementLocator.java:70)
	at org.openqa.selenium.support.pagefactory.internal.LocatingElementHandler.invoke(LocatingElementHandler.java:39)
	at jdk.proxy2/jdk.proxy2.$Proxy15.click(Unknown Source)
	at testcases.RegisteredUser_Delivery_Future_Ordering_ByCard.ValidateRegisteredUser_Delivery_Future_Ordering_ByCard(RegisteredUser_Delivery_Future_Ordering_ByCard.java:16)
	at java.base/jdk.internal.reflect.NativeMethodAccessorImpl.invoke0(Native Method)
	at java.base/jdk.internal.reflect.NativeMethodAccessorImpl.invoke(NativeMethodAccessorImpl.java:77)
	at java.base/jdk.internal.reflect.DelegatingMethodAccessorImpl.invoke(DelegatingMethodAccessorImpl.java:43)
	at java.base/java.lang.reflect.Method.invoke(Method.java:568)
	at org.testng.internal.MethodInvocationHelper.invokeMethod(MethodInvocationHelper.java:133)
	at org.testng.internal.TestInvoker.invokeMethod(TestInvoker.java:598)
	at org.testng.internal.TestInvoker.invokeTestMethod(TestInvoker.java:173)
	at org.testng.internal.MethodRunner.runInSequence(MethodRunner.java:46)
	at org.testng.internal.TestInvoker$MethodInvocationAgent.invoke(TestInvoker.java:824)
	at org.testng.internal.TestInvoker.invokeTestMethods(TestInvoker.java:146)
	at org.testng.internal.TestMethodWorker.invokeTestMethods(TestMethodWorker.java:146)
	at org.testng.internal.TestMethodWorker.run(TestMethodWorker.java:128)
	at java.base/java.util.ArrayList.forEach(ArrayList.java:1511)
	at org.testng.TestRunner.privateRun(TestRunner.java:794)
	at org.testng.TestRunner.run(TestRunner.java:596)
	at org.testng.SuiteRunner.runTest(SuiteRunner.java:377)
	at org.testng.SuiteRunner.runSequentially(SuiteRunner.java:371)
	at org.testng.SuiteRunner.privateRun(SuiteRunner.java:332)
	at org.testng.SuiteRunner.run(SuiteRunner.java:276)
	at org.testng.SuiteRunnerWorker.runSuite(SuiteRunnerWorker.java:53)
	at org.testng.SuiteRunnerWorker.run(SuiteRunnerWorker.java:96)
	at org.testng.TestNG.runSuitesSequentially(TestNG.java:1212)
	at org.testng.TestNG.runSuitesLocally(TestNG.java:1134)
	at org.testng.TestNG.runSuites(TestNG.java:1063)
	at org.testng.TestNG.run(TestNG.java:1031)
	at org.apache.maven.surefire.testng.TestNGExecutor.run(TestNGExecutor.java:324)
	at org.apache.maven.surefire.testng.TestNGXmlTestSuite.execute(TestNGXmlTestSuite.java:74)
	at org.apache.maven.surefire.testng.TestNGProvider.invoke(TestNGProvider.java:123)
	at org.apache.maven.surefire.booter.ForkedBooter.runSuitesInProcess(ForkedBooter.java:456)
	at org.apache.maven.surefire.booter.ForkedBooter.execute(ForkedBooter.java:169)
	at org.apache.maven.surefire.booter.ForkedBooter.run(ForkedBooter.java:595)
	at org.apache.maven.surefire.booter.ForkedBooter.main(ForkedBooter.java:581)
</textarea>
					
				</td>
			</tr>
		</tbody>
	</table>
</div>
						<ul class='screenshots'>
							<li><img class='r-img' onerror='this.style.display="none"' data-featherlight='C:\Users\2123004\OneDrive - Cognizant\Documents\automation kfc\KFC_Canada_OLO_PROD\Scrshot\ValidateRegisteredUser_Delivery_Future_Ordering_ByCard.png' src='C:\Users\2123004\OneDrive - Cognizant\Documents\automation kfc\KFC_Canada_OLO_PROD\Scrshot\ValidateRegisteredUser_Delivery_Future_Ordering_ByCard.png' data-src='C:\Users\2123004\OneDrive - Cognizant\Documents\automation kfc\KFC_Canada_OLO_PROD\Scrshot\ValidateRegisteredUser_Delivery_Future_Ordering_ByCard.png'></li>
						</ul>
					</div>
				</li>
				<li class='test displayed active  pass' status='pass' bdd='false' test-id='10'>
					<div class='test-heading'>
						<span class='test-name'>ValidateRegisteredUser_Pickup_Future_Ordering_ByCard</span>
						<span class='test-time'>Sep 12, 2023 05:46:43 PM</span>
						<span class='test-status right pass'>pass</span>
					</div>
					<div class='test-content hide'>
<div class='test-time-info'>
	<span class='label start-time'>Sep 12, 2023 05:46:43 PM</span>
	<span class='label end-time'>Sep 12, 2023 05:47:27 PM</span>
	<span class='label time-taken grey lighten-1 white-text'>0h 0m 43s+187ms</span>
</div>
<div class='test-steps'>
	<table class='bordered table-results'>
		<thead>
			<tr>
				<th>Status</th>
				<th>Timestamp</th>
				<th>Details</th>
			</tr>
		</thead>
		<tbody>
			<tr class='log' status='pass'>
				<td class='status pass' title='pass' alt='pass'><i class='material-icons'>check_circle</i></td>
				<td class='timestamp'>5:46:54 PM</td>
				<td class='step-details'>
						User Logged in successfully
					<img class='r-img' onerror='this.style.display="none"' data-featherlight='C:\Users\2123004\OneDrive - Cognizant\Documents\automation kfc\KFC_Canada_OLO_PROD\Scrshot\12092023054653.png.png' src='C:\Users\2123004\OneDrive - Cognizant\Documents\automation kfc\KFC_Canada_OLO_PROD\Scrshot\12092023054653.png.png' data-src='C:\Users\2123004\OneDrive - Cognizant\Documents\automation kfc\KFC_Canada_OLO_PROD\Scrshot\12092023054653.png.png'>
				</td>
			</tr>
			<tr class='log' status='pass'>
				<td class='status pass' title='pass' alt='pass'><i class='material-icons'>check_circle</i></td>
				<td class='timestamp'>5:47:06 PM</td>
				<td class='step-details'>
						store selected successfully
					<img class='r-img' onerror='this.style.display="none"' data-featherlight='C:\Users\2123004\OneDrive - Cognizant\Documents\automation kfc\KFC_Canada_OLO_PROD\Scrshot\12092023054706.png.png' src='C:\Users\2123004\OneDrive - Cognizant\Documents\automation kfc\KFC_Canada_OLO_PROD\Scrshot\12092023054706.png.png' data-src='C:\Users\2123004\OneDrive - Cognizant\Documents\automation kfc\KFC_Canada_OLO_PROD\Scrshot\12092023054706.png.png'>
				</td>
			</tr>
			<tr class='log' status='pass'>
				<td class='status pass' title='pass' alt='pass'><i class='material-icons'>check_circle</i></td>
				<td class='timestamp'>5:47:21 PM</td>
				<td class='step-details'>
						Future date Selected successfully
					<img class='r-img' onerror='this.style.display="none"' data-featherlight='C:\Users\2123004\OneDrive - Cognizant\Documents\automation kfc\KFC_Canada_OLO_PROD\Scrshot\12092023054718.png.png' src='C:\Users\2123004\OneDrive - Cognizant\Documents\automation kfc\KFC_Canada_OLO_PROD\Scrshot\12092023054718.png.png' data-src='C:\Users\2123004\OneDrive - Cognizant\Documents\automation kfc\KFC_Canada_OLO_PROD\Scrshot\12092023054718.png.png'>
				</td>
			</tr>
			<tr class='log' status='pass'>
				<td class='status pass' title='pass' alt='pass'><i class='material-icons'>check_circle</i></td>
				<td class='timestamp'>5:47:24 PM</td>
				<td class='step-details'>
						Items added to cart successfully
					<img class='r-img' onerror='this.style.display="none"' data-featherlight='C:\Users\2123004\OneDrive - Cognizant\Documents\automation kfc\KFC_Canada_OLO_PROD\Scrshot\12092023054723.png.png' src='C:\Users\2123004\OneDrive - Cognizant\Documents\automation kfc\KFC_Canada_OLO_PROD\Scrshot\12092023054723.png.png' data-src='C:\Users\2123004\OneDrive - Cognizant\Documents\automation kfc\KFC_Canada_OLO_PROD\Scrshot\12092023054723.png.png'>
				</td>
			</tr>
			<tr class='log' status='pass'>
				<td class='status pass' title='pass' alt='pass'><i class='material-icons'>check_circle</i></td>
				<td class='timestamp'>5:47:27 PM</td>
				<td class='step-details'>
						Test is passed
					
				</td>
			</tr>
		</tbody>
	</table>
</div>
						<ul class='screenshots'>
							<li><img class='r-img' onerror='this.style.display="none"' data-featherlight='C:\Users\2123004\OneDrive - Cognizant\Documents\automation kfc\KFC_Canada_OLO_PROD\Scrshot\ValidateRegisteredUser_Pickup_Future_Ordering_ByCard.png' src='C:\Users\2123004\OneDrive - Cognizant\Documents\automation kfc\KFC_Canada_OLO_PROD\Scrshot\ValidateRegisteredUser_Pickup_Future_Ordering_ByCard.png' data-src='C:\Users\2123004\OneDrive - Cognizant\Documents\automation kfc\KFC_Canada_OLO_PROD\Scrshot\ValidateRegisteredUser_Pickup_Future_Ordering_ByCard.png'></li>
						</ul>
					</div>
				</li>
				<li class='test displayed active  pass' status='pass' bdd='false' test-id='11'>
					<div class='test-heading'>
						<span class='test-name'>ValidateGuestUser_Pickup_AddMoreFood_Button</span>
						<span class='test-time'>Sep 12, 2023 05:47:38 PM</span>
						<span class='test-status right pass'>pass</span>
					</div>
					<div class='test-content hide'>
<div class='test-time-info'>
	<span class='label start-time'>Sep 12, 2023 05:47:38 PM</span>
	<span class='label end-time'>Sep 12, 2023 05:47:59 PM</span>
	<span class='label time-taken grey lighten-1 white-text'>0h 0m 21s+87ms</span>
</div>
<div class='test-steps'>
	<table class='bordered table-results'>
		<thead>
			<tr>
				<th>Status</th>
				<th>Timestamp</th>
				<th>Details</th>
			</tr>
		</thead>
		<tbody>
			<tr class='log' status='pass'>
				<td class='status pass' title='pass' alt='pass'><i class='material-icons'>check_circle</i></td>
				<td class='timestamp'>5:47:44 PM</td>
				<td class='step-details'>
						store selected successfully
					<img class='r-img' onerror='this.style.display="none"' data-featherlight='C:\Users\2123004\OneDrive - Cognizant\Documents\automation kfc\KFC_Canada_OLO_PROD\Scrshot\12092023054743.png.png' src='C:\Users\2123004\OneDrive - Cognizant\Documents\automation kfc\KFC_Canada_OLO_PROD\Scrshot\12092023054743.png.png' data-src='C:\Users\2123004\OneDrive - Cognizant\Documents\automation kfc\KFC_Canada_OLO_PROD\Scrshot\12092023054743.png.png'>
				</td>
			</tr>
			<tr class='log' status='pass'>
				<td class='status pass' title='pass' alt='pass'><i class='material-icons'>check_circle</i></td>
				<td class='timestamp'>5:47:52 PM</td>
				<td class='step-details'>
						Items added to cart successfully
					<img class='r-img' onerror='this.style.display="none"' data-featherlight='C:\Users\2123004\OneDrive - Cognizant\Documents\automation kfc\KFC_Canada_OLO_PROD\Scrshot\12092023054752.png.png' src='C:\Users\2123004\OneDrive - Cognizant\Documents\automation kfc\KFC_Canada_OLO_PROD\Scrshot\12092023054752.png.png' data-src='C:\Users\2123004\OneDrive - Cognizant\Documents\automation kfc\KFC_Canada_OLO_PROD\Scrshot\12092023054752.png.png'>
				</td>
			</tr>
			<tr class='log' status='pass'>
				<td class='status pass' title='pass' alt='pass'><i class='material-icons'>check_circle</i></td>
				<td class='timestamp'>5:47:59 PM</td>
				<td class='step-details'>
						Test is passed
					
				</td>
			</tr>
		</tbody>
	</table>
</div>
						<ul class='screenshots'>
							<li><img class='r-img' onerror='this.style.display="none"' data-featherlight='C:\Users\2123004\OneDrive - Cognizant\Documents\automation kfc\KFC_Canada_OLO_PROD\Scrshot\ValidateGuestUser_Pickup_AddMoreFood_Button.png' src='C:\Users\2123004\OneDrive - Cognizant\Documents\automation kfc\KFC_Canada_OLO_PROD\Scrshot\ValidateGuestUser_Pickup_AddMoreFood_Button.png' data-src='C:\Users\2123004\OneDrive - Cognizant\Documents\automation kfc\KFC_Canada_OLO_PROD\Scrshot\ValidateGuestUser_Pickup_AddMoreFood_Button.png'></li>
						</ul>
					</div>
				</li>
				<li class='test displayed active  pass' status='pass' bdd='false' test-id='12'>
					<div class='test-heading'>
						<span class='test-name'>ValidateRegisteredUserPickup_ByCard</span>
						<span class='test-time'>Sep 12, 2023 05:48:10 PM</span>
						<span class='test-status right pass'>pass</span>
					</div>
					<div class='test-content hide'>
<div class='test-time-info'>
	<span class='label start-time'>Sep 12, 2023 05:48:10 PM</span>
	<span class='label end-time'>Sep 12, 2023 05:48:52 PM</span>
	<span class='label time-taken grey lighten-1 white-text'>0h 0m 41s+222ms</span>
</div>
<div class='test-steps'>
	<table class='bordered table-results'>
		<thead>
			<tr>
				<th>Status</th>
				<th>Timestamp</th>
				<th>Details</th>
			</tr>
		</thead>
		<tbody>
			<tr class='log' status='pass'>
				<td class='status pass' title='pass' alt='pass'><i class='material-icons'>check_circle</i></td>
				<td class='timestamp'>5:48:21 PM</td>
				<td class='step-details'>
						User Logged in successfully
					<img class='r-img' onerror='this.style.display="none"' data-featherlight='C:\Users\2123004\OneDrive - Cognizant\Documents\automation kfc\KFC_Canada_OLO_PROD\Scrshot\12092023054820.png.png' src='C:\Users\2123004\OneDrive - Cognizant\Documents\automation kfc\KFC_Canada_OLO_PROD\Scrshot\12092023054820.png.png' data-src='C:\Users\2123004\OneDrive - Cognizant\Documents\automation kfc\KFC_Canada_OLO_PROD\Scrshot\12092023054820.png.png'>
				</td>
			</tr>
			<tr class='log' status='pass'>
				<td class='status pass' title='pass' alt='pass'><i class='material-icons'>check_circle</i></td>
				<td class='timestamp'>5:48:33 PM</td>
				<td class='step-details'>
						store selected successfully
					<img class='r-img' onerror='this.style.display="none"' data-featherlight='C:\Users\2123004\OneDrive - Cognizant\Documents\automation kfc\KFC_Canada_OLO_PROD\Scrshot\12092023054833.png.png' src='C:\Users\2123004\OneDrive - Cognizant\Documents\automation kfc\KFC_Canada_OLO_PROD\Scrshot\12092023054833.png.png' data-src='C:\Users\2123004\OneDrive - Cognizant\Documents\automation kfc\KFC_Canada_OLO_PROD\Scrshot\12092023054833.png.png'>
				</td>
			</tr>
			<tr class='log' status='pass'>
				<td class='status pass' title='pass' alt='pass'><i class='material-icons'>check_circle</i></td>
				<td class='timestamp'>5:48:50 PM</td>
				<td class='step-details'>
						Items added to cart successfully
					<img class='r-img' onerror='this.style.display="none"' data-featherlight='C:\Users\2123004\OneDrive - Cognizant\Documents\automation kfc\KFC_Canada_OLO_PROD\Scrshot\12092023054850.png.png' src='C:\Users\2123004\OneDrive - Cognizant\Documents\automation kfc\KFC_Canada_OLO_PROD\Scrshot\12092023054850.png.png' data-src='C:\Users\2123004\OneDrive - Cognizant\Documents\automation kfc\KFC_Canada_OLO_PROD\Scrshot\12092023054850.png.png'>
				</td>
			</tr>
			<tr class='log' status='pass'>
				<td class='status pass' title='pass' alt='pass'><i class='material-icons'>check_circle</i></td>
				<td class='timestamp'>5:48:52 PM</td>
				<td class='step-details'>
						Test is passed
					
				</td>
			</tr>
		</tbody>
	</table>
</div>
						<ul class='screenshots'>
							<li><img class='r-img' onerror='this.style.display="none"' data-featherlight='C:\Users\2123004\OneDrive - Cognizant\Documents\automation kfc\KFC_Canada_OLO_PROD\Scrshot\ValidateRegisteredUserPickup_ByCard.png' src='C:\Users\2123004\OneDrive - Cognizant\Documents\automation kfc\KFC_Canada_OLO_PROD\Scrshot\ValidateRegisteredUserPickup_ByCard.png' data-src='C:\Users\2123004\OneDrive - Cognizant\Documents\automation kfc\KFC_Canada_OLO_PROD\Scrshot\ValidateRegisteredUserPickup_ByCard.png'></li>
						</ul>
					</div>
				</li>
				<li class='test displayed active  pass' status='pass' bdd='false' test-id='13'>
					<div class='test-heading'>
						<span class='test-name'>Click_ResetPswd</span>
						<span class='test-time'>Sep 12, 2023 05:49:03 PM</span>
						<span class='test-status right pass'>pass</span>
					</div>
					<div class='test-content hide'>
<div class='test-time-info'>
	<span class='label start-time'>Sep 12, 2023 05:49:03 PM</span>
	<span class='label end-time'>Sep 12, 2023 05:49:21 PM</span>
	<span class='label time-taken grey lighten-1 white-text'>0h 0m 17s+868ms</span>
</div>
<div class='test-steps'>
	<table class='bordered table-results'>
		<thead>
			<tr>
				<th>Status</th>
				<th>Timestamp</th>
				<th>Details</th>
			</tr>
		</thead>
		<tbody>
			<tr class='log' status='pass'>
				<td class='status pass' title='pass' alt='pass'><i class='material-icons'>check_circle</i></td>
				<td class='timestamp'>5:49:13 PM</td>
				<td class='step-details'>
						User Logged in successfully
					<img class='r-img' onerror='this.style.display="none"' data-featherlight='C:\Users\2123004\OneDrive - Cognizant\Documents\automation kfc\KFC_Canada_OLO_PROD\Scrshot\12092023054912.png.png' src='C:\Users\2123004\OneDrive - Cognizant\Documents\automation kfc\KFC_Canada_OLO_PROD\Scrshot\12092023054912.png.png' data-src='C:\Users\2123004\OneDrive - Cognizant\Documents\automation kfc\KFC_Canada_OLO_PROD\Scrshot\12092023054912.png.png'>
				</td>
			</tr>
			<tr class='log' status='pass'>
				<td class='status pass' title='pass' alt='pass'><i class='material-icons'>check_circle</i></td>
				<td class='timestamp'>5:49:21 PM</td>
				<td class='step-details'>
						Test is passed
					
				</td>
			</tr>
		</tbody>
	</table>
</div>
						<ul class='screenshots'>
							<li><img class='r-img' onerror='this.style.display="none"' data-featherlight='C:\Users\2123004\OneDrive - Cognizant\Documents\automation kfc\KFC_Canada_OLO_PROD\Scrshot\Click_ResetPswd.png' src='C:\Users\2123004\OneDrive - Cognizant\Documents\automation kfc\KFC_Canada_OLO_PROD\Scrshot\Click_ResetPswd.png' data-src='C:\Users\2123004\OneDrive - Cognizant\Documents\automation kfc\KFC_Canada_OLO_PROD\Scrshot\Click_ResetPswd.png'></li>
						</ul>
					</div>
				</li>
				<li class='test displayed active  fail' status='fail' bdd='false' test-id='14'>
					<div class='test-heading'>
						<span class='test-name'>ValidateRegisteredUser_Delivery_Future_Ordering_ByCash</span>
						<span class='test-time'>Sep 12, 2023 05:49:32 PM</span>
						<span class='test-status right fail'>fail</span>
					</div>
					<div class='test-content hide'>
<div class='test-time-info'>
	<span class='label start-time'>Sep 12, 2023 05:49:32 PM</span>
	<span class='label end-time'>Sep 12, 2023 05:50:11 PM</span>
	<span class='label time-taken grey lighten-1 white-text'>0h 0m 39s+492ms</span>
</div>
<div class='test-steps'>
	<table class='bordered table-results'>
		<thead>
			<tr>
				<th>Status</th>
				<th>Timestamp</th>
				<th>Details</th>
			</tr>
		</thead>
		<tbody>
			<tr class='log' status='pass'>
				<td class='status pass' title='pass' alt='pass'><i class='material-icons'>check_circle</i></td>
				<td class='timestamp'>5:49:42 PM</td>
				<td class='step-details'>
						User Logged in successfully
					<img class='r-img' onerror='this.style.display="none"' data-featherlight='C:\Users\2123004\OneDrive - Cognizant\Documents\automation kfc\KFC_Canada_OLO_PROD\Scrshot\12092023054941.png.png' src='C:\Users\2123004\OneDrive - Cognizant\Documents\automation kfc\KFC_Canada_OLO_PROD\Scrshot\12092023054941.png.png' data-src='C:\Users\2123004\OneDrive - Cognizant\Documents\automation kfc\KFC_Canada_OLO_PROD\Scrshot\12092023054941.png.png'>
				</td>
			</tr>
			<tr class='log' status='pass'>
				<td class='status pass' title='pass' alt='pass'><i class='material-icons'>check_circle</i></td>
				<td class='timestamp'>5:49:51 PM</td>
				<td class='step-details'>
						store selected successfully
					<img class='r-img' onerror='this.style.display="none"' data-featherlight='C:\Users\2123004\OneDrive - Cognizant\Documents\automation kfc\KFC_Canada_OLO_PROD\Scrshot\12092023054950.png.png' src='C:\Users\2123004\OneDrive - Cognizant\Documents\automation kfc\KFC_Canada_OLO_PROD\Scrshot\12092023054950.png.png' data-src='C:\Users\2123004\OneDrive - Cognizant\Documents\automation kfc\KFC_Canada_OLO_PROD\Scrshot\12092023054950.png.png'>
				</td>
			</tr>
			<tr class='log' status='fail'>
				<td class='status fail' title='fail' alt='fail'><i class='material-icons'>cancel</i></td>
				<td class='timestamp'>5:50:11 PM</td>
				<td class='step-details'>
						<textarea disabled class="code-block">org.openqa.selenium.NoSuchElementException: no such element: Unable to locate element: {"method":"xpath","selector":"//*[@id="favItem-modal"]/div/div/div/div[1]/div[2]"}
  (Session info: chrome=115.0.5790.99)
For documentation on this error, please visit: https://selenium.dev/exceptions/#no_such_element
Build info: version: '4.6.0', revision: '79f1c02ae20'
System info: os.name: 'Windows 11', os.arch: 'amd64', os.version: '10.0', java.version: '17.0.6'
Driver info: org.openqa.selenium.chrome.ChromeDriver
Command: [8143c2ad3615a696d7ccaf68c510a7b4, findElement {using=xpath, value=//*[@id="favItem-modal"]/div/div/div/div[1]/div[2]}]
Capabilities {acceptInsecureCerts: false, browserName: chrome, browserVersion: 115.0.5790.99, chrome: {chromedriverVersion: 114.0.5735.90 (386bc09e8f4f..., userDataDir: C:\windows\SystemTemp\scope...}, goog:chromeOptions: {debuggerAddress: localhost:58429}, networkConnectionEnabled: false, pageLoadStrategy: normal, platformName: WINDOWS, proxy: Proxy(), se:cdp: ws://localhost:58429/devtoo..., se:cdpVersion: 115.0.5790.99, setWindowRect: true, strictFileInteractability: false, timeouts: {implicit: 0, pageLoad: 300000, script: 30000}, unhandledPromptBehavior: dismiss and notify, webauthn:extension:credBlob: true, webauthn:extension:largeBlob: true, webauthn:extension:minPinLength: true, webauthn:extension:prf: true, webauthn:virtualAuthenticators: true}
Session ID: 8143c2ad3615a696d7ccaf68c510a7b4
	at java.base/jdk.internal.reflect.NativeConstructorAccessorImpl.newInstance0(Native Method)
	at java.base/jdk.internal.reflect.NativeConstructorAccessorImpl.newInstance(NativeConstructorAccessorImpl.java:77)
	at java.base/jdk.internal.reflect.DelegatingConstructorAccessorImpl.newInstance(DelegatingConstructorAccessorImpl.java:45)
	at java.base/java.lang.reflect.Constructor.newInstanceWithCaller(Constructor.java:499)
	at java.base/java.lang.reflect.Constructor.newInstance(Constructor.java:480)
	at org.openqa.selenium.remote.codec.w3c.W3CHttpResponseCodec.createException(W3CHttpResponseCodec.java:200)
	at org.openqa.selenium.remote.codec.w3c.W3CHttpResponseCodec.decode(W3CHttpResponseCodec.java:133)
	at org.openqa.selenium.remote.codec.w3c.W3CHttpResponseCodec.decode(W3CHttpResponseCodec.java:53)
	at org.openqa.selenium.remote.HttpCommandExecutor.execute(HttpCommandExecutor.java:184)
	at org.openqa.selenium.remote.service.DriverCommandExecutor.invokeExecute(DriverCommandExecutor.java:167)
	at org.openqa.selenium.remote.service.DriverCommandExecutor.execute(DriverCommandExecutor.java:142)
	at org.openqa.selenium.remote.RemoteWebDriver.execute(RemoteWebDriver.java:541)
	at org.openqa.selenium.remote.ElementLocation$ElementFinder$2.findElement(ElementLocation.java:162)
	at org.openqa.selenium.remote.ElementLocation.findElement(ElementLocation.java:60)
	at org.openqa.selenium.remote.RemoteWebDriver.findElement(RemoteWebDriver.java:365)
	at org.openqa.selenium.remote.RemoteWebDriver.findElement(RemoteWebDriver.java:357)
	at org.openqa.selenium.support.pagefactory.DefaultElementLocator.findElement(DefaultElementLocator.java:70)
	at org.openqa.selenium.support.pagefactory.internal.LocatingElementHandler.invoke(LocatingElementHandler.java:39)
	at jdk.proxy2/jdk.proxy2.$Proxy15.click(Unknown Source)
	at testcases.RegisteredUser_Delivery_Future_Ordering_ByCash.ValidateRegisteredUser_Delivery_Future_Ordering_ByCash(RegisteredUser_Delivery_Future_Ordering_ByCash.java:17)
	at java.base/jdk.internal.reflect.NativeMethodAccessorImpl.invoke0(Native Method)
	at java.base/jdk.internal.reflect.NativeMethodAccessorImpl.invoke(NativeMethodAccessorImpl.java:77)
	at java.base/jdk.internal.reflect.DelegatingMethodAccessorImpl.invoke(DelegatingMethodAccessorImpl.java:43)
	at java.base/java.lang.reflect.Method.invoke(Method.java:568)
	at org.testng.internal.MethodInvocationHelper.invokeMethod(MethodInvocationHelper.java:133)
	at org.testng.internal.TestInvoker.invokeMethod(TestInvoker.java:598)
	at org.testng.internal.TestInvoker.invokeTestMethod(TestInvoker.java:173)
	at org.testng.internal.MethodRunner.runInSequence(MethodRunner.java:46)
	at org.testng.internal.TestInvoker$MethodInvocationAgent.invoke(TestInvoker.java:824)
	at org.testng.internal.TestInvoker.invokeTestMethods(TestInvoker.java:146)
	at org.testng.internal.TestMethodWorker.invokeTestMethods(TestMethodWorker.java:146)
	at org.testng.internal.TestMethodWorker.run(TestMethodWorker.java:128)
	at java.base/java.util.ArrayList.forEach(ArrayList.java:1511)
	at org.testng.TestRunner.privateRun(TestRunner.java:794)
	at org.testng.TestRunner.run(TestRunner.java:596)
	at org.testng.SuiteRunner.runTest(SuiteRunner.java:377)
	at org.testng.SuiteRunner.runSequentially(SuiteRunner.java:371)
	at org.testng.SuiteRunner.privateRun(SuiteRunner.java:332)
	at org.testng.SuiteRunner.run(SuiteRunner.java:276)
	at org.testng.SuiteRunnerWorker.runSuite(SuiteRunnerWorker.java:53)
	at org.testng.SuiteRunnerWorker.run(SuiteRunnerWorker.java:96)
	at org.testng.TestNG.runSuitesSequentially(TestNG.java:1212)
	at org.testng.TestNG.runSuitesLocally(TestNG.java:1134)
	at org.testng.TestNG.runSuites(TestNG.java:1063)
	at org.testng.TestNG.run(TestNG.java:1031)
	at org.apache.maven.surefire.testng.TestNGExecutor.run(TestNGExecutor.java:324)
	at org.apache.maven.surefire.testng.TestNGXmlTestSuite.execute(TestNGXmlTestSuite.java:74)
	at org.apache.maven.surefire.testng.TestNGProvider.invoke(TestNGProvider.java:123)
	at org.apache.maven.surefire.booter.ForkedBooter.runSuitesInProcess(ForkedBooter.java:456)
	at org.apache.maven.surefire.booter.ForkedBooter.execute(ForkedBooter.java:169)
	at org.apache.maven.surefire.booter.ForkedBooter.run(ForkedBooter.java:595)
	at org.apache.maven.surefire.booter.ForkedBooter.main(ForkedBooter.java:581)
</textarea>
					
				</td>
			</tr>
		</tbody>
	</table>
</div>
						<ul class='screenshots'>
							<li><img class='r-img' onerror='this.style.display="none"' data-featherlight='C:\Users\2123004\OneDrive - Cognizant\Documents\automation kfc\KFC_Canada_OLO_PROD\Scrshot\ValidateRegisteredUser_Delivery_Future_Ordering_ByCash.png' src='C:\Users\2123004\OneDrive - Cognizant\Documents\automation kfc\KFC_Canada_OLO_PROD\Scrshot\ValidateRegisteredUser_Delivery_Future_Ordering_ByCash.png' data-src='C:\Users\2123004\OneDrive - Cognizant\Documents\automation kfc\KFC_Canada_OLO_PROD\Scrshot\ValidateRegisteredUser_Delivery_Future_Ordering_ByCash.png'></li>
						</ul>
					</div>
				</li>
				<li class='test displayed active  pass' status='pass' bdd='false' test-id='15'>
					<div class='test-heading'>
						<span class='test-name'>Validate_Guest_User_PickUp_Future_Ordering_ByCard</span>
						<span class='test-time'>Sep 12, 2023 05:50:24 PM</span>
						<span class='test-status right pass'>pass</span>
					</div>
					<div class='test-content hide'>
<div class='test-time-info'>
	<span class='label start-time'>Sep 12, 2023 05:50:24 PM</span>
	<span class='label end-time'>Sep 12, 2023 05:50:47 PM</span>
	<span class='label time-taken grey lighten-1 white-text'>0h 0m 23s+628ms</span>
</div>
<div class='test-steps'>
	<table class='bordered table-results'>
		<thead>
			<tr>
				<th>Status</th>
				<th>Timestamp</th>
				<th>Details</th>
			</tr>
		</thead>
		<tbody>
			<tr class='log' status='pass'>
				<td class='status pass' title='pass' alt='pass'><i class='material-icons'>check_circle</i></td>
				<td class='timestamp'>5:50:34 PM</td>
				<td class='step-details'>
						store selected successfully
					<img class='r-img' onerror='this.style.display="none"' data-featherlight='C:\Users\2123004\OneDrive - Cognizant\Documents\automation kfc\KFC_Canada_OLO_PROD\Scrshot\12092023055032.png.png' src='C:\Users\2123004\OneDrive - Cognizant\Documents\automation kfc\KFC_Canada_OLO_PROD\Scrshot\12092023055032.png.png' data-src='C:\Users\2123004\OneDrive - Cognizant\Documents\automation kfc\KFC_Canada_OLO_PROD\Scrshot\12092023055032.png.png'>
				</td>
			</tr>
			<tr class='log' status='pass'>
				<td class='status pass' title='pass' alt='pass'><i class='material-icons'>check_circle</i></td>
				<td class='timestamp'>5:50:41 PM</td>
				<td class='step-details'>
						Future date Selected successfully
					<img class='r-img' onerror='this.style.display="none"' data-featherlight='C:\Users\2123004\OneDrive - Cognizant\Documents\automation kfc\KFC_Canada_OLO_PROD\Scrshot\12092023055039.png.png' src='C:\Users\2123004\OneDrive - Cognizant\Documents\automation kfc\KFC_Canada_OLO_PROD\Scrshot\12092023055039.png.png' data-src='C:\Users\2123004\OneDrive - Cognizant\Documents\automation kfc\KFC_Canada_OLO_PROD\Scrshot\12092023055039.png.png'>
				</td>
			</tr>
			<tr class='log' status='pass'>
				<td class='status pass' title='pass' alt='pass'><i class='material-icons'>check_circle</i></td>
				<td class='timestamp'>5:50:44 PM</td>
				<td class='step-details'>
						Items added to cart successfully
					<img class='r-img' onerror='this.style.display="none"' data-featherlight='C:\Users\2123004\OneDrive - Cognizant\Documents\automation kfc\KFC_Canada_OLO_PROD\Scrshot\12092023055044.png.png' src='C:\Users\2123004\OneDrive - Cognizant\Documents\automation kfc\KFC_Canada_OLO_PROD\Scrshot\12092023055044.png.png' data-src='C:\Users\2123004\OneDrive - Cognizant\Documents\automation kfc\KFC_Canada_OLO_PROD\Scrshot\12092023055044.png.png'>
				</td>
			</tr>
			<tr class='log' status='pass'>
				<td class='status pass' title='pass' alt='pass'><i class='material-icons'>check_circle</i></td>
				<td class='timestamp'>5:50:47 PM</td>
				<td class='step-details'>
						Test is passed
					
				</td>
			</tr>
		</tbody>
	</table>
</div>
						<ul class='screenshots'>
							<li><img class='r-img' onerror='this.style.display="none"' data-featherlight='C:\Users\2123004\OneDrive - Cognizant\Documents\automation kfc\KFC_Canada_OLO_PROD\Scrshot\Validate_Guest_User_PickUp_Future_Ordering_ByCard.png' src='C:\Users\2123004\OneDrive - Cognizant\Documents\automation kfc\KFC_Canada_OLO_PROD\Scrshot\Validate_Guest_User_PickUp_Future_Ordering_ByCard.png' data-src='C:\Users\2123004\OneDrive - Cognizant\Documents\automation kfc\KFC_Canada_OLO_PROD\Scrshot\Validate_Guest_User_PickUp_Future_Ordering_ByCard.png'></li>
						</ul>
					</div>
				</li>
				<li class='test displayed active  pass' status='pass' bdd='false' test-id='16'>
					<div class='test-heading'>
						<span class='test-name'>ValidateSignout</span>
						<span class='test-time'>Sep 12, 2023 05:50:59 PM</span>
						<span class='test-status right pass'>pass</span>
					</div>
					<div class='test-content hide'>
<div class='test-time-info'>
	<span class='label start-time'>Sep 12, 2023 05:50:59 PM</span>
	<span class='label end-time'>Sep 12, 2023 05:51:13 PM</span>
	<span class='label time-taken grey lighten-1 white-text'>0h 0m 14s+706ms</span>
</div>
<div class='test-steps'>
	<table class='bordered table-results'>
		<thead>
			<tr>
				<th>Status</th>
				<th>Timestamp</th>
				<th>Details</th>
			</tr>
		</thead>
		<tbody>
			<tr class='log' status='pass'>
				<td class='status pass' title='pass' alt='pass'><i class='material-icons'>check_circle</i></td>
				<td class='timestamp'>5:51:09 PM</td>
				<td class='step-details'>
						User Logged in successfully
					<img class='r-img' onerror='this.style.display="none"' data-featherlight='C:\Users\2123004\OneDrive - Cognizant\Documents\automation kfc\KFC_Canada_OLO_PROD\Scrshot\12092023055108.png.png' src='C:\Users\2123004\OneDrive - Cognizant\Documents\automation kfc\KFC_Canada_OLO_PROD\Scrshot\12092023055108.png.png' data-src='C:\Users\2123004\OneDrive - Cognizant\Documents\automation kfc\KFC_Canada_OLO_PROD\Scrshot\12092023055108.png.png'>
				</td>
			</tr>
			<tr class='log' status='pass'>
				<td class='status pass' title='pass' alt='pass'><i class='material-icons'>check_circle</i></td>
				<td class='timestamp'>5:51:13 PM</td>
				<td class='step-details'>
						Logged out successfully
					<img class='r-img' onerror='this.style.display="none"' data-featherlight='C:\Users\2123004\OneDrive - Cognizant\Documents\automation kfc\KFC_Canada_OLO_PROD\Scrshot\12092023055113.png.png' src='C:\Users\2123004\OneDrive - Cognizant\Documents\automation kfc\KFC_Canada_OLO_PROD\Scrshot\12092023055113.png.png' data-src='C:\Users\2123004\OneDrive - Cognizant\Documents\automation kfc\KFC_Canada_OLO_PROD\Scrshot\12092023055113.png.png'>
				</td>
			</tr>
			<tr class='log' status='pass'>
				<td class='status pass' title='pass' alt='pass'><i class='material-icons'>check_circle</i></td>
				<td class='timestamp'>5:51:13 PM</td>
				<td class='step-details'>
						Test is passed
					
				</td>
			</tr>
		</tbody>
	</table>
</div>
						<ul class='screenshots'>
							<li><img class='r-img' onerror='this.style.display="none"' data-featherlight='C:\Users\2123004\OneDrive - Cognizant\Documents\automation kfc\KFC_Canada_OLO_PROD\Scrshot\ValidateSignout.png' src='C:\Users\2123004\OneDrive - Cognizant\Documents\automation kfc\KFC_Canada_OLO_PROD\Scrshot\ValidateSignout.png' data-src='C:\Users\2123004\OneDrive - Cognizant\Documents\automation kfc\KFC_Canada_OLO_PROD\Scrshot\ValidateSignout.png'></li>
						</ul>
					</div>
				</li>
				<li class='test displayed active  pass' status='pass' bdd='false' test-id='17'>
					<div class='test-heading'>
						<span class='test-name'>Validate_Guest_User_PickUp_Future_Ordering_ByCash</span>
						<span class='test-time'>Sep 12, 2023 05:51:25 PM</span>
						<span class='test-status right pass'>pass</span>
					</div>
					<div class='test-content hide'>
<div class='test-time-info'>
	<span class='label start-time'>Sep 12, 2023 05:51:25 PM</span>
	<span class='label end-time'>Sep 12, 2023 05:51:48 PM</span>
	<span class='label time-taken grey lighten-1 white-text'>0h 0m 22s+896ms</span>
</div>
<div class='test-steps'>
	<table class='bordered table-results'>
		<thead>
			<tr>
				<th>Status</th>
				<th>Timestamp</th>
				<th>Details</th>
			</tr>
		</thead>
		<tbody>
			<tr class='log' status='pass'>
				<td class='status pass' title='pass' alt='pass'><i class='material-icons'>check_circle</i></td>
				<td class='timestamp'>5:51:34 PM</td>
				<td class='step-details'>
						store selected successfully
					<img class='r-img' onerror='this.style.display="none"' data-featherlight='C:\Users\2123004\OneDrive - Cognizant\Documents\automation kfc\KFC_Canada_OLO_PROD\Scrshot\12092023055134.png.png' src='C:\Users\2123004\OneDrive - Cognizant\Documents\automation kfc\KFC_Canada_OLO_PROD\Scrshot\12092023055134.png.png' data-src='C:\Users\2123004\OneDrive - Cognizant\Documents\automation kfc\KFC_Canada_OLO_PROD\Scrshot\12092023055134.png.png'>
				</td>
			</tr>
			<tr class='log' status='pass'>
				<td class='status pass' title='pass' alt='pass'><i class='material-icons'>check_circle</i></td>
				<td class='timestamp'>5:51:41 PM</td>
				<td class='step-details'>
						Future date Selected successfully
					<img class='r-img' onerror='this.style.display="none"' data-featherlight='C:\Users\2123004\OneDrive - Cognizant\Documents\automation kfc\KFC_Canada_OLO_PROD\Scrshot\12092023055139.png.png' src='C:\Users\2123004\OneDrive - Cognizant\Documents\automation kfc\KFC_Canada_OLO_PROD\Scrshot\12092023055139.png.png' data-src='C:\Users\2123004\OneDrive - Cognizant\Documents\automation kfc\KFC_Canada_OLO_PROD\Scrshot\12092023055139.png.png'>
				</td>
			</tr>
			<tr class='log' status='pass'>
				<td class='status pass' title='pass' alt='pass'><i class='material-icons'>check_circle</i></td>
				<td class='timestamp'>5:51:45 PM</td>
				<td class='step-details'>
						Items added to cart successfully
					<img class='r-img' onerror='this.style.display="none"' data-featherlight='C:\Users\2123004\OneDrive - Cognizant\Documents\automation kfc\KFC_Canada_OLO_PROD\Scrshot\12092023055145.png.png' src='C:\Users\2123004\OneDrive - Cognizant\Documents\automation kfc\KFC_Canada_OLO_PROD\Scrshot\12092023055145.png.png' data-src='C:\Users\2123004\OneDrive - Cognizant\Documents\automation kfc\KFC_Canada_OLO_PROD\Scrshot\12092023055145.png.png'>
				</td>
			</tr>
			<tr class='log' status='pass'>
				<td class='status pass' title='pass' alt='pass'><i class='material-icons'>check_circle</i></td>
				<td class='timestamp'>5:51:48 PM</td>
				<td class='step-details'>
						Test is passed
					
				</td>
			</tr>
		</tbody>
	</table>
</div>
						<ul class='screenshots'>
							<li><img class='r-img' onerror='this.style.display="none"' data-featherlight='C:\Users\2123004\OneDrive - Cognizant\Documents\automation kfc\KFC_Canada_OLO_PROD\Scrshot\Validate_Guest_User_PickUp_Future_Ordering_ByCash.png' src='C:\Users\2123004\OneDrive - Cognizant\Documents\automation kfc\KFC_Canada_OLO_PROD\Scrshot\Validate_Guest_User_PickUp_Future_Ordering_ByCash.png' data-src='C:\Users\2123004\OneDrive - Cognizant\Documents\automation kfc\KFC_Canada_OLO_PROD\Scrshot\Validate_Guest_User_PickUp_Future_Ordering_ByCash.png'></li>
						</ul>
					</div>
				</li>
				<li class='test displayed active  pass' status='pass' bdd='false' test-id='18'>
					<div class='test-heading'>
						<span class='test-name'>ValidatePlusAndMinusInCartPageTest</span>
						<span class='test-time'>Sep 12, 2023 05:51:59 PM</span>
						<span class='test-status right pass'>pass</span>
					</div>
					<div class='test-content hide'>
<div class='test-time-info'>
	<span class='label start-time'>Sep 12, 2023 05:51:59 PM</span>
	<span class='label end-time'>Sep 12, 2023 05:53:21 PM</span>
	<span class='label time-taken grey lighten-1 white-text'>0h 1m 21s+624ms</span>
</div>
<div class='test-steps'>
	<table class='bordered table-results'>
		<thead>
			<tr>
				<th>Status</th>
				<th>Timestamp</th>
				<th>Details</th>
			</tr>
		</thead>
		<tbody>
			<tr class='log' status='pass'>
				<td class='status pass' title='pass' alt='pass'><i class='material-icons'>check_circle</i></td>
				<td class='timestamp'>5:52:10 PM</td>
				<td class='step-details'>
						User Logged in successfully
					<img class='r-img' onerror='this.style.display="none"' data-featherlight='C:\Users\2123004\OneDrive - Cognizant\Documents\automation kfc\KFC_Canada_OLO_PROD\Scrshot\12092023055208.png.png' src='C:\Users\2123004\OneDrive - Cognizant\Documents\automation kfc\KFC_Canada_OLO_PROD\Scrshot\12092023055208.png.png' data-src='C:\Users\2123004\OneDrive - Cognizant\Documents\automation kfc\KFC_Canada_OLO_PROD\Scrshot\12092023055208.png.png'>
				</td>
			</tr>
			<tr class='log' status='pass'>
				<td class='status pass' title='pass' alt='pass'><i class='material-icons'>check_circle</i></td>
				<td class='timestamp'>5:52:22 PM</td>
				<td class='step-details'>
						store selected successfully
					<img class='r-img' onerror='this.style.display="none"' data-featherlight='C:\Users\2123004\OneDrive - Cognizant\Documents\automation kfc\KFC_Canada_OLO_PROD\Scrshot\12092023055222.png.png' src='C:\Users\2123004\OneDrive - Cognizant\Documents\automation kfc\KFC_Canada_OLO_PROD\Scrshot\12092023055222.png.png' data-src='C:\Users\2123004\OneDrive - Cognizant\Documents\automation kfc\KFC_Canada_OLO_PROD\Scrshot\12092023055222.png.png'>
				</td>
			</tr>
			<tr class='log' status='pass'>
				<td class='status pass' title='pass' alt='pass'><i class='material-icons'>check_circle</i></td>
				<td class='timestamp'>5:53:08 PM</td>
				<td class='step-details'>
						Item quantity increased successfully
					<img class='r-img' onerror='this.style.display="none"' data-featherlight='C:\Users\2123004\OneDrive - Cognizant\Documents\automation kfc\KFC_Canada_OLO_PROD\Scrshot\12092023055307.png.png' src='C:\Users\2123004\OneDrive - Cognizant\Documents\automation kfc\KFC_Canada_OLO_PROD\Scrshot\12092023055307.png.png' data-src='C:\Users\2123004\OneDrive - Cognizant\Documents\automation kfc\KFC_Canada_OLO_PROD\Scrshot\12092023055307.png.png'>
				</td>
			</tr>
			<tr class='log' status='pass'>
				<td class='status pass' title='pass' alt='pass'><i class='material-icons'>check_circle</i></td>
				<td class='timestamp'>5:53:17 PM</td>
				<td class='step-details'>
						Item quantity Decreased successfully
					<img class='r-img' onerror='this.style.display="none"' data-featherlight='C:\Users\2123004\OneDrive - Cognizant\Documents\automation kfc\KFC_Canada_OLO_PROD\Scrshot\12092023055317.png.png' src='C:\Users\2123004\OneDrive - Cognizant\Documents\automation kfc\KFC_Canada_OLO_PROD\Scrshot\12092023055317.png.png' data-src='C:\Users\2123004\OneDrive - Cognizant\Documents\automation kfc\KFC_Canada_OLO_PROD\Scrshot\12092023055317.png.png'>
				</td>
			</tr>
			<tr class='log' status='pass'>
				<td class='status pass' title='pass' alt='pass'><i class='material-icons'>check_circle</i></td>
				<td class='timestamp'>5:53:21 PM</td>
				<td class='step-details'>
						Test is passed
					
				</td>
			</tr>
		</tbody>
	</table>
</div>
						<ul class='screenshots'>
							<li><img class='r-img' onerror='this.style.display="none"' data-featherlight='C:\Users\2123004\OneDrive - Cognizant\Documents\automation kfc\KFC_Canada_OLO_PROD\Scrshot\ValidatePlusAndMinusInCartPageTest.png' src='C:\Users\2123004\OneDrive - Cognizant\Documents\automation kfc\KFC_Canada_OLO_PROD\Scrshot\ValidatePlusAndMinusInCartPageTest.png' data-src='C:\Users\2123004\OneDrive - Cognizant\Documents\automation kfc\KFC_Canada_OLO_PROD\Scrshot\ValidatePlusAndMinusInCartPageTest.png'></li>
						</ul>
					</div>
				</li>
				<li class='test displayed active  pass' status='pass' bdd='false' test-id='19'>
					<div class='test-heading'>
						<span class='test-name'>ValidateCheckoutTest</span>
						<span class='test-time'>Sep 12, 2023 05:53:32 PM</span>
						<span class='test-status right pass'>pass</span>
					</div>
					<div class='test-content hide'>
<div class='test-time-info'>
	<span class='label start-time'>Sep 12, 2023 05:53:32 PM</span>
	<span class='label end-time'>Sep 12, 2023 05:54:15 PM</span>
	<span class='label time-taken grey lighten-1 white-text'>0h 0m 42s+609ms</span>
</div>
<div class='test-steps'>
	<table class='bordered table-results'>
		<thead>
			<tr>
				<th>Status</th>
				<th>Timestamp</th>
				<th>Details</th>
			</tr>
		</thead>
		<tbody>
			<tr class='log' status='pass'>
				<td class='status pass' title='pass' alt='pass'><i class='material-icons'>check_circle</i></td>
				<td class='timestamp'>5:53:43 PM</td>
				<td class='step-details'>
						User Logged in successfully
					<img class='r-img' onerror='this.style.display="none"' data-featherlight='C:\Users\2123004\OneDrive - Cognizant\Documents\automation kfc\KFC_Canada_OLO_PROD\Scrshot\12092023055342.png.png' src='C:\Users\2123004\OneDrive - Cognizant\Documents\automation kfc\KFC_Canada_OLO_PROD\Scrshot\12092023055342.png.png' data-src='C:\Users\2123004\OneDrive - Cognizant\Documents\automation kfc\KFC_Canada_OLO_PROD\Scrshot\12092023055342.png.png'>
				</td>
			</tr>
			<tr class='log' status='pass'>
				<td class='status pass' title='pass' alt='pass'><i class='material-icons'>check_circle</i></td>
				<td class='timestamp'>5:53:56 PM</td>
				<td class='step-details'>
						store selected successfully
					<img class='r-img' onerror='this.style.display="none"' data-featherlight='C:\Users\2123004\OneDrive - Cognizant\Documents\automation kfc\KFC_Canada_OLO_PROD\Scrshot\12092023055356.png.png' src='C:\Users\2123004\OneDrive - Cognizant\Documents\automation kfc\KFC_Canada_OLO_PROD\Scrshot\12092023055356.png.png' data-src='C:\Users\2123004\OneDrive - Cognizant\Documents\automation kfc\KFC_Canada_OLO_PROD\Scrshot\12092023055356.png.png'>
				</td>
			</tr>
			<tr class='log' status='pass'>
				<td class='status pass' title='pass' alt='pass'><i class='material-icons'>check_circle</i></td>
				<td class='timestamp'>5:54:14 PM</td>
				<td class='step-details'>
						Items added to cart successfully
					<img class='r-img' onerror='this.style.display="none"' data-featherlight='C:\Users\2123004\OneDrive - Cognizant\Documents\automation kfc\KFC_Canada_OLO_PROD\Scrshot\12092023055413.png.png' src='C:\Users\2123004\OneDrive - Cognizant\Documents\automation kfc\KFC_Canada_OLO_PROD\Scrshot\12092023055413.png.png' data-src='C:\Users\2123004\OneDrive - Cognizant\Documents\automation kfc\KFC_Canada_OLO_PROD\Scrshot\12092023055413.png.png'>
				</td>
			</tr>
			<tr class='log' status='pass'>
				<td class='status pass' title='pass' alt='pass'><i class='material-icons'>check_circle</i></td>
				<td class='timestamp'>5:54:15 PM</td>
				<td class='step-details'>
						Test is passed
					
				</td>
			</tr>
		</tbody>
	</table>
</div>
						<ul class='screenshots'>
							<li><img class='r-img' onerror='this.style.display="none"' data-featherlight='C:\Users\2123004\OneDrive - Cognizant\Documents\automation kfc\KFC_Canada_OLO_PROD\Scrshot\ValidateCheckoutTest.png' src='C:\Users\2123004\OneDrive - Cognizant\Documents\automation kfc\KFC_Canada_OLO_PROD\Scrshot\ValidateCheckoutTest.png' data-src='C:\Users\2123004\OneDrive - Cognizant\Documents\automation kfc\KFC_Canada_OLO_PROD\Scrshot\ValidateCheckoutTest.png'></li>
						</ul>
					</div>
				</li>
				<li class='test displayed active  pass' status='pass' bdd='false' test-id='20'>
					<div class='test-heading'>
						<span class='test-name'>Click_SavedContactDetails</span>
						<span class='test-time'>Sep 12, 2023 05:54:27 PM</span>
						<span class='test-status right pass'>pass</span>
					</div>
					<div class='test-content hide'>
<div class='test-time-info'>
	<span class='label start-time'>Sep 12, 2023 05:54:27 PM</span>
	<span class='label end-time'>Sep 12, 2023 05:54:42 PM</span>
	<span class='label time-taken grey lighten-1 white-text'>0h 0m 15s+550ms</span>
</div>
<div class='test-steps'>
	<table class='bordered table-results'>
		<thead>
			<tr>
				<th>Status</th>
				<th>Timestamp</th>
				<th>Details</th>
			</tr>
		</thead>
		<tbody>
			<tr class='log' status='pass'>
				<td class='status pass' title='pass' alt='pass'><i class='material-icons'>check_circle</i></td>
				<td class='timestamp'>5:54:38 PM</td>
				<td class='step-details'>
						User Logged in successfully
					<img class='r-img' onerror='this.style.display="none"' data-featherlight='C:\Users\2123004\OneDrive - Cognizant\Documents\automation kfc\KFC_Canada_OLO_PROD\Scrshot\12092023055437.png.png' src='C:\Users\2123004\OneDrive - Cognizant\Documents\automation kfc\KFC_Canada_OLO_PROD\Scrshot\12092023055437.png.png' data-src='C:\Users\2123004\OneDrive - Cognizant\Documents\automation kfc\KFC_Canada_OLO_PROD\Scrshot\12092023055437.png.png'>
				</td>
			</tr>
			<tr class='log' status='pass'>
				<td class='status pass' title='pass' alt='pass'><i class='material-icons'>check_circle</i></td>
				<td class='timestamp'>5:54:42 PM</td>
				<td class='step-details'>
						Test is passed
					
				</td>
			</tr>
		</tbody>
	</table>
</div>
						<ul class='screenshots'>
							<li><img class='r-img' onerror='this.style.display="none"' data-featherlight='C:\Users\2123004\OneDrive - Cognizant\Documents\automation kfc\KFC_Canada_OLO_PROD\Scrshot\Click_SavedContactDetails.png' src='C:\Users\2123004\OneDrive - Cognizant\Documents\automation kfc\KFC_Canada_OLO_PROD\Scrshot\Click_SavedContactDetails.png' data-src='C:\Users\2123004\OneDrive - Cognizant\Documents\automation kfc\KFC_Canada_OLO_PROD\Scrshot\Click_SavedContactDetails.png'></li>
						</ul>
					</div>
				</li>
				<li class='test displayed active  fail' status='fail' bdd='false' test-id='21'>
					<div class='test-heading'>
						<span class='test-name'>ValidateRegisteredUserDelivery_ByCash</span>
						<span class='test-time'>Sep 12, 2023 05:54:53 PM</span>
						<span class='test-status right fail'>fail</span>
					</div>
					<div class='test-content hide'>
<div class='test-time-info'>
	<span class='label start-time'>Sep 12, 2023 05:54:53 PM</span>
	<span class='label end-time'>Sep 12, 2023 05:55:34 PM</span>
	<span class='label time-taken grey lighten-1 white-text'>0h 0m 40s+351ms</span>
</div>
<div class='test-steps'>
	<table class='bordered table-results'>
		<thead>
			<tr>
				<th>Status</th>
				<th>Timestamp</th>
				<th>Details</th>
			</tr>
		</thead>
		<tbody>
			<tr class='log' status='pass'>
				<td class='status pass' title='pass' alt='pass'><i class='material-icons'>check_circle</i></td>
				<td class='timestamp'>5:55:04 PM</td>
				<td class='step-details'>
						User Logged in successfully
					<img class='r-img' onerror='this.style.display="none"' data-featherlight='C:\Users\2123004\OneDrive - Cognizant\Documents\automation kfc\KFC_Canada_OLO_PROD\Scrshot\12092023055503.png.png' src='C:\Users\2123004\OneDrive - Cognizant\Documents\automation kfc\KFC_Canada_OLO_PROD\Scrshot\12092023055503.png.png' data-src='C:\Users\2123004\OneDrive - Cognizant\Documents\automation kfc\KFC_Canada_OLO_PROD\Scrshot\12092023055503.png.png'>
				</td>
			</tr>
			<tr class='log' status='pass'>
				<td class='status pass' title='pass' alt='pass'><i class='material-icons'>check_circle</i></td>
				<td class='timestamp'>5:55:14 PM</td>
				<td class='step-details'>
						store selected successfully
					<img class='r-img' onerror='this.style.display="none"' data-featherlight='C:\Users\2123004\OneDrive - Cognizant\Documents\automation kfc\KFC_Canada_OLO_PROD\Scrshot\12092023055513.png.png' src='C:\Users\2123004\OneDrive - Cognizant\Documents\automation kfc\KFC_Canada_OLO_PROD\Scrshot\12092023055513.png.png' data-src='C:\Users\2123004\OneDrive - Cognizant\Documents\automation kfc\KFC_Canada_OLO_PROD\Scrshot\12092023055513.png.png'>
				</td>
			</tr>
			<tr class='log' status='fail'>
				<td class='status fail' title='fail' alt='fail'><i class='material-icons'>cancel</i></td>
				<td class='timestamp'>5:55:34 PM</td>
				<td class='step-details'>
						<textarea disabled class="code-block">org.openqa.selenium.NoSuchElementException: no such element: Unable to locate element: {"method":"xpath","selector":"//*[@id="favItem-modal"]/div/div/div/div[1]/div[2]"}
  (Session info: chrome=115.0.5790.99)
For documentation on this error, please visit: https://selenium.dev/exceptions/#no_such_element
Build info: version: '4.6.0', revision: '79f1c02ae20'
System info: os.name: 'Windows 11', os.arch: 'amd64', os.version: '10.0', java.version: '17.0.6'
Driver info: org.openqa.selenium.chrome.ChromeDriver
Command: [76b1d776d36ea254af022f6bedcd2f39, findElement {using=xpath, value=//*[@id="favItem-modal"]/div/div/div/div[1]/div[2]}]
Capabilities {acceptInsecureCerts: false, browserName: chrome, browserVersion: 115.0.5790.99, chrome: {chromedriverVersion: 114.0.5735.90 (386bc09e8f4f..., userDataDir: C:\windows\SystemTemp\scope...}, goog:chromeOptions: {debuggerAddress: localhost:49698}, networkConnectionEnabled: false, pageLoadStrategy: normal, platformName: WINDOWS, proxy: Proxy(), se:cdp: ws://localhost:49698/devtoo..., se:cdpVersion: 115.0.5790.99, setWindowRect: true, strictFileInteractability: false, timeouts: {implicit: 0, pageLoad: 300000, script: 30000}, unhandledPromptBehavior: dismiss and notify, webauthn:extension:credBlob: true, webauthn:extension:largeBlob: true, webauthn:extension:minPinLength: true, webauthn:extension:prf: true, webauthn:virtualAuthenticators: true}
Session ID: 76b1d776d36ea254af022f6bedcd2f39
	at java.base/jdk.internal.reflect.NativeConstructorAccessorImpl.newInstance0(Native Method)
	at java.base/jdk.internal.reflect.NativeConstructorAccessorImpl.newInstance(NativeConstructorAccessorImpl.java:77)
	at java.base/jdk.internal.reflect.DelegatingConstructorAccessorImpl.newInstance(DelegatingConstructorAccessorImpl.java:45)
	at java.base/java.lang.reflect.Constructor.newInstanceWithCaller(Constructor.java:499)
	at java.base/java.lang.reflect.Constructor.newInstance(Constructor.java:480)
	at org.openqa.selenium.remote.codec.w3c.W3CHttpResponseCodec.createException(W3CHttpResponseCodec.java:200)
	at org.openqa.selenium.remote.codec.w3c.W3CHttpResponseCodec.decode(W3CHttpResponseCodec.java:133)
	at org.openqa.selenium.remote.codec.w3c.W3CHttpResponseCodec.decode(W3CHttpResponseCodec.java:53)
	at org.openqa.selenium.remote.HttpCommandExecutor.execute(HttpCommandExecutor.java:184)
	at org.openqa.selenium.remote.service.DriverCommandExecutor.invokeExecute(DriverCommandExecutor.java:167)
	at org.openqa.selenium.remote.service.DriverCommandExecutor.execute(DriverCommandExecutor.java:142)
	at org.openqa.selenium.remote.RemoteWebDriver.execute(RemoteWebDriver.java:541)
	at org.openqa.selenium.remote.ElementLocation$ElementFinder$2.findElement(ElementLocation.java:162)
	at org.openqa.selenium.remote.ElementLocation.findElement(ElementLocation.java:60)
	at org.openqa.selenium.remote.RemoteWebDriver.findElement(RemoteWebDriver.java:365)
	at org.openqa.selenium.remote.RemoteWebDriver.findElement(RemoteWebDriver.java:357)
	at org.openqa.selenium.support.pagefactory.DefaultElementLocator.findElement(DefaultElementLocator.java:70)
	at org.openqa.selenium.support.pagefactory.internal.LocatingElementHandler.invoke(LocatingElementHandler.java:39)
	at jdk.proxy2/jdk.proxy2.$Proxy15.click(Unknown Source)
	at testcases.RegisteredUserDelivery_ByCash.ValidateRegisteredUserDelivery_ByCash(RegisteredUserDelivery_ByCash.java:18)
	at java.base/jdk.internal.reflect.NativeMethodAccessorImpl.invoke0(Native Method)
	at java.base/jdk.internal.reflect.NativeMethodAccessorImpl.invoke(NativeMethodAccessorImpl.java:77)
	at java.base/jdk.internal.reflect.DelegatingMethodAccessorImpl.invoke(DelegatingMethodAccessorImpl.java:43)
	at java.base/java.lang.reflect.Method.invoke(Method.java:568)
	at org.testng.internal.MethodInvocationHelper.invokeMethod(MethodInvocationHelper.java:133)
	at org.testng.internal.TestInvoker.invokeMethod(TestInvoker.java:598)
	at org.testng.internal.TestInvoker.invokeTestMethod(TestInvoker.java:173)
	at org.testng.internal.MethodRunner.runInSequence(MethodRunner.java:46)
	at org.testng.internal.TestInvoker$MethodInvocationAgent.invoke(TestInvoker.java:824)
	at org.testng.internal.TestInvoker.invokeTestMethods(TestInvoker.java:146)
	at org.testng.internal.TestMethodWorker.invokeTestMethods(TestMethodWorker.java:146)
	at org.testng.internal.TestMethodWorker.run(TestMethodWorker.java:128)
	at java.base/java.util.ArrayList.forEach(ArrayList.java:1511)
	at org.testng.TestRunner.privateRun(TestRunner.java:794)
	at org.testng.TestRunner.run(TestRunner.java:596)
	at org.testng.SuiteRunner.runTest(SuiteRunner.java:377)
	at org.testng.SuiteRunner.runSequentially(SuiteRunner.java:371)
	at org.testng.SuiteRunner.privateRun(SuiteRunner.java:332)
	at org.testng.SuiteRunner.run(SuiteRunner.java:276)
	at org.testng.SuiteRunnerWorker.runSuite(SuiteRunnerWorker.java:53)
	at org.testng.SuiteRunnerWorker.run(SuiteRunnerWorker.java:96)
	at org.testng.TestNG.runSuitesSequentially(TestNG.java:1212)
	at org.testng.TestNG.runSuitesLocally(TestNG.java:1134)
	at org.testng.TestNG.runSuites(TestNG.java:1063)
	at org.testng.TestNG.run(TestNG.java:1031)
	at org.apache.maven.surefire.testng.TestNGExecutor.run(TestNGExecutor.java:324)
	at org.apache.maven.surefire.testng.TestNGXmlTestSuite.execute(TestNGXmlTestSuite.java:74)
	at org.apache.maven.surefire.testng.TestNGProvider.invoke(TestNGProvider.java:123)
	at org.apache.maven.surefire.booter.ForkedBooter.runSuitesInProcess(ForkedBooter.java:456)
	at org.apache.maven.surefire.booter.ForkedBooter.execute(ForkedBooter.java:169)
	at org.apache.maven.surefire.booter.ForkedBooter.run(ForkedBooter.java:595)
	at org.apache.maven.surefire.booter.ForkedBooter.main(ForkedBooter.java:581)
</textarea>
					
				</td>
			</tr>
		</tbody>
	</table>
</div>
						<ul class='screenshots'>
							<li><img class='r-img' onerror='this.style.display="none"' data-featherlight='C:\Users\2123004\OneDrive - Cognizant\Documents\automation kfc\KFC_Canada_OLO_PROD\Scrshot\ValidateRegisteredUserDelivery_ByCash.png' src='C:\Users\2123004\OneDrive - Cognizant\Documents\automation kfc\KFC_Canada_OLO_PROD\Scrshot\ValidateRegisteredUserDelivery_ByCash.png' data-src='C:\Users\2123004\OneDrive - Cognizant\Documents\automation kfc\KFC_Canada_OLO_PROD\Scrshot\ValidateRegisteredUserDelivery_ByCash.png'></li>
						</ul>
					</div>
				</li>
				<li class='test displayed active  pass' status='pass' bdd='false' test-id='22'>
					<div class='test-heading'>
						<span class='test-name'>ValidateGuestUserPickup_ByCash</span>
						<span class='test-time'>Sep 12, 2023 05:55:45 PM</span>
						<span class='test-status right pass'>pass</span>
					</div>
					<div class='test-content hide'>
<div class='test-time-info'>
	<span class='label start-time'>Sep 12, 2023 05:55:45 PM</span>
	<span class='label end-time'>Sep 12, 2023 05:56:01 PM</span>
	<span class='label time-taken grey lighten-1 white-text'>0h 0m 15s+731ms</span>
</div>
<div class='test-steps'>
	<table class='bordered table-results'>
		<thead>
			<tr>
				<th>Status</th>
				<th>Timestamp</th>
				<th>Details</th>
			</tr>
		</thead>
		<tbody>
			<tr class='log' status='pass'>
				<td class='status pass' title='pass' alt='pass'><i class='material-icons'>check_circle</i></td>
				<td class='timestamp'>5:55:51 PM</td>
				<td class='step-details'>
						store selected successfully
					<img class='r-img' onerror='this.style.display="none"' data-featherlight='C:\Users\2123004\OneDrive - Cognizant\Documents\automation kfc\KFC_Canada_OLO_PROD\Scrshot\12092023055550.png.png' src='C:\Users\2123004\OneDrive - Cognizant\Documents\automation kfc\KFC_Canada_OLO_PROD\Scrshot\12092023055550.png.png' data-src='C:\Users\2123004\OneDrive - Cognizant\Documents\automation kfc\KFC_Canada_OLO_PROD\Scrshot\12092023055550.png.png'>
				</td>
			</tr>
			<tr class='log' status='pass'>
				<td class='status pass' title='pass' alt='pass'><i class='material-icons'>check_circle</i></td>
				<td class='timestamp'>5:55:58 PM</td>
				<td class='step-details'>
						Items added to cart successfully
					<img class='r-img' onerror='this.style.display="none"' data-featherlight='C:\Users\2123004\OneDrive - Cognizant\Documents\automation kfc\KFC_Canada_OLO_PROD\Scrshot\12092023055557.png.png' src='C:\Users\2123004\OneDrive - Cognizant\Documents\automation kfc\KFC_Canada_OLO_PROD\Scrshot\12092023055557.png.png' data-src='C:\Users\2123004\OneDrive - Cognizant\Documents\automation kfc\KFC_Canada_OLO_PROD\Scrshot\12092023055557.png.png'>
				</td>
			</tr>
			<tr class='log' status='pass'>
				<td class='status pass' title='pass' alt='pass'><i class='material-icons'>check_circle</i></td>
				<td class='timestamp'>5:56:01 PM</td>
				<td class='step-details'>
						Test is passed
					
				</td>
			</tr>
		</tbody>
	</table>
</div>
						<ul class='screenshots'>
							<li><img class='r-img' onerror='this.style.display="none"' data-featherlight='C:\Users\2123004\OneDrive - Cognizant\Documents\automation kfc\KFC_Canada_OLO_PROD\Scrshot\ValidateGuestUserPickup_ByCash.png' src='C:\Users\2123004\OneDrive - Cognizant\Documents\automation kfc\KFC_Canada_OLO_PROD\Scrshot\ValidateGuestUserPickup_ByCash.png' data-src='C:\Users\2123004\OneDrive - Cognizant\Documents\automation kfc\KFC_Canada_OLO_PROD\Scrshot\ValidateGuestUserPickup_ByCash.png'></li>
						</ul>
					</div>
				</li>
				<li class='test displayed active  pass' status='pass' bdd='false' test-id='23'>
					<div class='test-heading'>
						<span class='test-name'>ClickDeleteAccount</span>
						<span class='test-time'>Sep 12, 2023 05:56:12 PM</span>
						<span class='test-status right pass'>pass</span>
					</div>
					<div class='test-content hide'>
<div class='test-time-info'>
	<span class='label start-time'>Sep 12, 2023 05:56:12 PM</span>
	<span class='label end-time'>Sep 12, 2023 05:56:27 PM</span>
	<span class='label time-taken grey lighten-1 white-text'>0h 0m 15s+36ms</span>
</div>
<div class='test-steps'>
	<table class='bordered table-results'>
		<thead>
			<tr>
				<th>Status</th>
				<th>Timestamp</th>
				<th>Details</th>
			</tr>
		</thead>
		<tbody>
			<tr class='log' status='pass'>
				<td class='status pass' title='pass' alt='pass'><i class='material-icons'>check_circle</i></td>
				<td class='timestamp'>5:56:22 PM</td>
				<td class='step-details'>
						User Logged in successfully
					<img class='r-img' onerror='this.style.display="none"' data-featherlight='C:\Users\2123004\OneDrive - Cognizant\Documents\automation kfc\KFC_Canada_OLO_PROD\Scrshot\12092023055621.png.png' src='C:\Users\2123004\OneDrive - Cognizant\Documents\automation kfc\KFC_Canada_OLO_PROD\Scrshot\12092023055621.png.png' data-src='C:\Users\2123004\OneDrive - Cognizant\Documents\automation kfc\KFC_Canada_OLO_PROD\Scrshot\12092023055621.png.png'>
				</td>
			</tr>
			<tr class='log' status='pass'>
				<td class='status pass' title='pass' alt='pass'><i class='material-icons'>check_circle</i></td>
				<td class='timestamp'>5:56:27 PM</td>
				<td class='step-details'>
						Test is passed
					
				</td>
			</tr>
		</tbody>
	</table>
</div>
						<ul class='screenshots'>
							<li><img class='r-img' onerror='this.style.display="none"' data-featherlight='C:\Users\2123004\OneDrive - Cognizant\Documents\automation kfc\KFC_Canada_OLO_PROD\Scrshot\ClickDeleteAccount.png' src='C:\Users\2123004\OneDrive - Cognizant\Documents\automation kfc\KFC_Canada_OLO_PROD\Scrshot\ClickDeleteAccount.png' data-src='C:\Users\2123004\OneDrive - Cognizant\Documents\automation kfc\KFC_Canada_OLO_PROD\Scrshot\ClickDeleteAccount.png'></li>
						</ul>
					</div>
				</li>
				<li class='test displayed active  fail' status='fail' bdd='false' test-id='24'>
					<div class='test-heading'>
						<span class='test-name'>ValidateRegisteredUser_Pickup_AddMoreFood_Button</span>
						<span class='test-time'>Sep 12, 2023 05:56:38 PM</span>
						<span class='test-status right fail'>fail</span>
					</div>
					<div class='test-content hide'>
<div class='test-time-info'>
	<span class='label start-time'>Sep 12, 2023 05:56:38 PM</span>
	<span class='label end-time'>Sep 12, 2023 05:57:06 PM</span>
	<span class='label time-taken grey lighten-1 white-text'>0h 0m 28s+771ms</span>
</div>
<div class='test-steps'>
	<table class='bordered table-results'>
		<thead>
			<tr>
				<th>Status</th>
				<th>Timestamp</th>
				<th>Details</th>
			</tr>
		</thead>
		<tbody>
			<tr class='log' status='pass'>
				<td class='status pass' title='pass' alt='pass'><i class='material-icons'>check_circle</i></td>
				<td class='timestamp'>5:56:48 PM</td>
				<td class='step-details'>
						User Logged in successfully
					<img class='r-img' onerror='this.style.display="none"' data-featherlight='C:\Users\2123004\OneDrive - Cognizant\Documents\automation kfc\KFC_Canada_OLO_PROD\Scrshot\12092023055647.png.png' src='C:\Users\2123004\OneDrive - Cognizant\Documents\automation kfc\KFC_Canada_OLO_PROD\Scrshot\12092023055647.png.png' data-src='C:\Users\2123004\OneDrive - Cognizant\Documents\automation kfc\KFC_Canada_OLO_PROD\Scrshot\12092023055647.png.png'>
				</td>
			</tr>
			<tr class='log' status='pass'>
				<td class='status pass' title='pass' alt='pass'><i class='material-icons'>check_circle</i></td>
				<td class='timestamp'>5:57:00 PM</td>
				<td class='step-details'>
						store selected successfully
					<img class='r-img' onerror='this.style.display="none"' data-featherlight='C:\Users\2123004\OneDrive - Cognizant\Documents\automation kfc\KFC_Canada_OLO_PROD\Scrshot\12092023055700.png.png' src='C:\Users\2123004\OneDrive - Cognizant\Documents\automation kfc\KFC_Canada_OLO_PROD\Scrshot\12092023055700.png.png' data-src='C:\Users\2123004\OneDrive - Cognizant\Documents\automation kfc\KFC_Canada_OLO_PROD\Scrshot\12092023055700.png.png'>
				</td>
			</tr>
			<tr class='log' status='fail'>
				<td class='status fail' title='fail' alt='fail'><i class='material-icons'>cancel</i></td>
				<td class='timestamp'>5:57:06 PM</td>
				<td class='step-details'>
						<textarea disabled class="code-block">org.openqa.selenium.ElementClickInterceptedException: element click intercepted: Element <a href="/menu/overview">...</a> is not clickable at point (55, 104). Other element would receive the click: <div class="modal show" id="favItem-modal" style="padding-right: 17px; display: block;">...</div>
  (Session info: chrome=115.0.5790.99)
Build info: version: '4.6.0', revision: '79f1c02ae20'
System info: os.name: 'Windows 11', os.arch: 'amd64', os.version: '10.0', java.version: '17.0.6'
Driver info: org.openqa.selenium.chrome.ChromeDriver
Command: [ad773c7176eae905a4f287fef76a9453, clickElement {id=3B49CA4FBA32455F9F0C9FFEEB92E287_element_102}]
Capabilities {acceptInsecureCerts: false, browserName: chrome, browserVersion: 115.0.5790.99, chrome: {chromedriverVersion: 114.0.5735.90 (386bc09e8f4f..., userDataDir: C:\windows\SystemTemp\scope...}, goog:chromeOptions: {debuggerAddress: localhost:61633}, networkConnectionEnabled: false, pageLoadStrategy: normal, platformName: WINDOWS, proxy: Proxy(), se:cdp: ws://localhost:61633/devtoo..., se:cdpVersion: 115.0.5790.99, setWindowRect: true, strictFileInteractability: false, timeouts: {implicit: 0, pageLoad: 300000, script: 30000}, unhandledPromptBehavior: dismiss and notify, webauthn:extension:credBlob: true, webauthn:extension:largeBlob: true, webauthn:extension:minPinLength: true, webauthn:extension:prf: true, webauthn:virtualAuthenticators: true}
Element: [[ChromeDriver: chrome on WINDOWS (ad773c7176eae905a4f287fef76a9453)] -> xpath: //a[@href='/menu/overview']]
Session ID: ad773c7176eae905a4f287fef76a9453
	at java.base/jdk.internal.reflect.NativeConstructorAccessorImpl.newInstance0(Native Method)
	at java.base/jdk.internal.reflect.NativeConstructorAccessorImpl.newInstance(NativeConstructorAccessorImpl.java:77)
	at java.base/jdk.internal.reflect.DelegatingConstructorAccessorImpl.newInstance(DelegatingConstructorAccessorImpl.java:45)
	at java.base/java.lang.reflect.Constructor.newInstanceWithCaller(Constructor.java:499)
	at java.base/java.lang.reflect.Constructor.newInstance(Constructor.java:480)
	at org.openqa.selenium.remote.codec.w3c.W3CHttpResponseCodec.createException(W3CHttpResponseCodec.java:200)
	at org.openqa.selenium.remote.codec.w3c.W3CHttpResponseCodec.decode(W3CHttpResponseCodec.java:133)
	at org.openqa.selenium.remote.codec.w3c.W3CHttpResponseCodec.decode(W3CHttpResponseCodec.java:53)
	at org.openqa.selenium.remote.HttpCommandExecutor.execute(HttpCommandExecutor.java:184)
	at org.openqa.selenium.remote.service.DriverCommandExecutor.invokeExecute(DriverCommandExecutor.java:167)
	at org.openqa.selenium.remote.service.DriverCommandExecutor.execute(DriverCommandExecutor.java:142)
	at org.openqa.selenium.remote.RemoteWebDriver.execute(RemoteWebDriver.java:541)
	at org.openqa.selenium.remote.RemoteWebElement.execute(RemoteWebElement.java:257)
	at org.openqa.selenium.remote.RemoteWebElement.click(RemoteWebElement.java:78)
	at jdk.internal.reflect.GeneratedMethodAccessor1.invoke(Unknown Source)
	at java.base/jdk.internal.reflect.DelegatingMethodAccessorImpl.invoke(DelegatingMethodAccessorImpl.java:43)
	at java.base/java.lang.reflect.Method.invoke(Method.java:568)
	at org.openqa.selenium.support.pagefactory.internal.LocatingElementHandler.invoke(LocatingElementHandler.java:52)
	at jdk.proxy2/jdk.proxy2.$Proxy15.click(Unknown Source)
	at testcases.RegisteredUser_Pickup_AddMoreFood_Button.ValidateRegisteredUser_Pickup_AddMoreFood_Button(RegisteredUser_Pickup_AddMoreFood_Button.java:21)
	at java.base/jdk.internal.reflect.NativeMethodAccessorImpl.invoke0(Native Method)
	at java.base/jdk.internal.reflect.NativeMethodAccessorImpl.invoke(NativeMethodAccessorImpl.java:77)
	at java.base/jdk.internal.reflect.DelegatingMethodAccessorImpl.invoke(DelegatingMethodAccessorImpl.java:43)
	at java.base/java.lang.reflect.Method.invoke(Method.java:568)
	at org.testng.internal.MethodInvocationHelper.invokeMethod(MethodInvocationHelper.java:133)
	at org.testng.internal.TestInvoker.invokeMethod(TestInvoker.java:598)
	at org.testng.internal.TestInvoker.invokeTestMethod(TestInvoker.java:173)
	at org.testng.internal.MethodRunner.runInSequence(MethodRunner.java:46)
	at org.testng.internal.TestInvoker$MethodInvocationAgent.invoke(TestInvoker.java:824)
	at org.testng.internal.TestInvoker.invokeTestMethods(TestInvoker.java:146)
	at org.testng.internal.TestMethodWorker.invokeTestMethods(TestMethodWorker.java:146)
	at org.testng.internal.TestMethodWorker.run(TestMethodWorker.java:128)
	at java.base/java.util.ArrayList.forEach(ArrayList.java:1511)
	at org.testng.TestRunner.privateRun(TestRunner.java:794)
	at org.testng.TestRunner.run(TestRunner.java:596)
	at org.testng.SuiteRunner.runTest(SuiteRunner.java:377)
	at org.testng.SuiteRunner.runSequentially(SuiteRunner.java:371)
	at org.testng.SuiteRunner.privateRun(SuiteRunner.java:332)
	at org.testng.SuiteRunner.run(SuiteRunner.java:276)
	at org.testng.SuiteRunnerWorker.runSuite(SuiteRunnerWorker.java:53)
	at org.testng.SuiteRunnerWorker.run(SuiteRunnerWorker.java:96)
	at org.testng.TestNG.runSuitesSequentially(TestNG.java:1212)
	at org.testng.TestNG.runSuitesLocally(TestNG.java:1134)
	at org.testng.TestNG.runSuites(TestNG.java:1063)
	at org.testng.TestNG.run(TestNG.java:1031)
	at org.apache.maven.surefire.testng.TestNGExecutor.run(TestNGExecutor.java:324)
	at org.apache.maven.surefire.testng.TestNGXmlTestSuite.execute(TestNGXmlTestSuite.java:74)
	at org.apache.maven.surefire.testng.TestNGProvider.invoke(TestNGProvider.java:123)
	at org.apache.maven.surefire.booter.ForkedBooter.runSuitesInProcess(ForkedBooter.java:456)
	at org.apache.maven.surefire.booter.ForkedBooter.execute(ForkedBooter.java:169)
	at org.apache.maven.surefire.booter.ForkedBooter.run(ForkedBooter.java:595)
	at org.apache.maven.surefire.booter.ForkedBooter.main(ForkedBooter.java:581)
</textarea>
					
				</td>
			</tr>
		</tbody>
	</table>
</div>
						<ul class='screenshots'>
							<li><img class='r-img' onerror='this.style.display="none"' data-featherlight='C:\Users\2123004\OneDrive - Cognizant\Documents\automation kfc\KFC_Canada_OLO_PROD\Scrshot\ValidateRegisteredUser_Pickup_AddMoreFood_Button.png' src='C:\Users\2123004\OneDrive - Cognizant\Documents\automation kfc\KFC_Canada_OLO_PROD\Scrshot\ValidateRegisteredUser_Pickup_AddMoreFood_Button.png' data-src='C:\Users\2123004\OneDrive - Cognizant\Documents\automation kfc\KFC_Canada_OLO_PROD\Scrshot\ValidateRegisteredUser_Pickup_AddMoreFood_Button.png'></li>
						</ul>
					</div>
				</li>
				<li class='test displayed active  pass' status='pass' bdd='false' test-id='25'>
					<div class='test-heading'>
						<span class='test-name'>ValidateRegisteredUserPickupStoreSelection</span>
						<span class='test-time'>Sep 12, 2023 05:57:17 PM</span>
						<span class='test-status right pass'>pass</span>
					</div>
					<div class='test-content hide'>
<div class='test-time-info'>
	<span class='label start-time'>Sep 12, 2023 05:57:17 PM</span>
	<span class='label end-time'>Sep 12, 2023 05:57:39 PM</span>
	<span class='label time-taken grey lighten-1 white-text'>0h 0m 21s+923ms</span>
</div>
<div class='test-steps'>
	<table class='bordered table-results'>
		<thead>
			<tr>
				<th>Status</th>
				<th>Timestamp</th>
				<th>Details</th>
			</tr>
		</thead>
		<tbody>
			<tr class='log' status='pass'>
				<td class='status pass' title='pass' alt='pass'><i class='material-icons'>check_circle</i></td>
				<td class='timestamp'>5:57:28 PM</td>
				<td class='step-details'>
						User Logged in successfully
					<img class='r-img' onerror='this.style.display="none"' data-featherlight='C:\Users\2123004\OneDrive - Cognizant\Documents\automation kfc\KFC_Canada_OLO_PROD\Scrshot\12092023055727.png.png' src='C:\Users\2123004\OneDrive - Cognizant\Documents\automation kfc\KFC_Canada_OLO_PROD\Scrshot\12092023055727.png.png' data-src='C:\Users\2123004\OneDrive - Cognizant\Documents\automation kfc\KFC_Canada_OLO_PROD\Scrshot\12092023055727.png.png'>
				</td>
			</tr>
			<tr class='log' status='pass'>
				<td class='status pass' title='pass' alt='pass'><i class='material-icons'>check_circle</i></td>
				<td class='timestamp'>5:57:39 PM</td>
				<td class='step-details'>
						store selected successfully
					<img class='r-img' onerror='this.style.display="none"' data-featherlight='C:\Users\2123004\OneDrive - Cognizant\Documents\automation kfc\KFC_Canada_OLO_PROD\Scrshot\12092023055739.png.png' src='C:\Users\2123004\OneDrive - Cognizant\Documents\automation kfc\KFC_Canada_OLO_PROD\Scrshot\12092023055739.png.png' data-src='C:\Users\2123004\OneDrive - Cognizant\Documents\automation kfc\KFC_Canada_OLO_PROD\Scrshot\12092023055739.png.png'>
				</td>
			</tr>
			<tr class='log' status='pass'>
				<td class='status pass' title='pass' alt='pass'><i class='material-icons'>check_circle</i></td>
				<td class='timestamp'>5:57:39 PM</td>
				<td class='step-details'>
						Test is passed
					
				</td>
			</tr>
		</tbody>
	</table>
</div>
						<ul class='screenshots'>
							<li><img class='r-img' onerror='this.style.display="none"' data-featherlight='C:\Users\2123004\OneDrive - Cognizant\Documents\automation kfc\KFC_Canada_OLO_PROD\Scrshot\ValidateRegisteredUserPickupStoreSelection.png' src='C:\Users\2123004\OneDrive - Cognizant\Documents\automation kfc\KFC_Canada_OLO_PROD\Scrshot\ValidateRegisteredUserPickupStoreSelection.png' data-src='C:\Users\2123004\OneDrive - Cognizant\Documents\automation kfc\KFC_Canada_OLO_PROD\Scrshot\ValidateRegisteredUserPickupStoreSelection.png'></li>
						</ul>
					</div>
				</li>
				<li class='test displayed active  pass' status='pass' bdd='false' test-id='26'>
					<div class='test-heading'>
						<span class='test-name'>ValidateRegisteredUserPickup_ByCash</span>
						<span class='test-time'>Sep 12, 2023 05:57:50 PM</span>
						<span class='test-status right pass'>pass</span>
					</div>
					<div class='test-content hide'>
<div class='test-time-info'>
	<span class='label start-time'>Sep 12, 2023 05:57:50 PM</span>
	<span class='label end-time'>Sep 12, 2023 05:58:33 PM</span>
	<span class='label time-taken grey lighten-1 white-text'>0h 0m 42s+397ms</span>
</div>
<div class='test-steps'>
	<table class='bordered table-results'>
		<thead>
			<tr>
				<th>Status</th>
				<th>Timestamp</th>
				<th>Details</th>
			</tr>
		</thead>
		<tbody>
			<tr class='log' status='pass'>
				<td class='status pass' title='pass' alt='pass'><i class='material-icons'>check_circle</i></td>
				<td class='timestamp'>5:58:01 PM</td>
				<td class='step-details'>
						User Logged in successfully
					<img class='r-img' onerror='this.style.display="none"' data-featherlight='C:\Users\2123004\OneDrive - Cognizant\Documents\automation kfc\KFC_Canada_OLO_PROD\Scrshot\12092023055800.png.png' src='C:\Users\2123004\OneDrive - Cognizant\Documents\automation kfc\KFC_Canada_OLO_PROD\Scrshot\12092023055800.png.png' data-src='C:\Users\2123004\OneDrive - Cognizant\Documents\automation kfc\KFC_Canada_OLO_PROD\Scrshot\12092023055800.png.png'>
				</td>
			</tr>
			<tr class='log' status='pass'>
				<td class='status pass' title='pass' alt='pass'><i class='material-icons'>check_circle</i></td>
				<td class='timestamp'>5:58:14 PM</td>
				<td class='step-details'>
						store selected successfully
					<img class='r-img' onerror='this.style.display="none"' data-featherlight='C:\Users\2123004\OneDrive - Cognizant\Documents\automation kfc\KFC_Canada_OLO_PROD\Scrshot\12092023055813.png.png' src='C:\Users\2123004\OneDrive - Cognizant\Documents\automation kfc\KFC_Canada_OLO_PROD\Scrshot\12092023055813.png.png' data-src='C:\Users\2123004\OneDrive - Cognizant\Documents\automation kfc\KFC_Canada_OLO_PROD\Scrshot\12092023055813.png.png'>
				</td>
			</tr>
			<tr class='log' status='pass'>
				<td class='status pass' title='pass' alt='pass'><i class='material-icons'>check_circle</i></td>
				<td class='timestamp'>5:58:31 PM</td>
				<td class='step-details'>
						Items added to cart successfully
					<img class='r-img' onerror='this.style.display="none"' data-featherlight='C:\Users\2123004\OneDrive - Cognizant\Documents\automation kfc\KFC_Canada_OLO_PROD\Scrshot\12092023055831.png.png' src='C:\Users\2123004\OneDrive - Cognizant\Documents\automation kfc\KFC_Canada_OLO_PROD\Scrshot\12092023055831.png.png' data-src='C:\Users\2123004\OneDrive - Cognizant\Documents\automation kfc\KFC_Canada_OLO_PROD\Scrshot\12092023055831.png.png'>
				</td>
			</tr>
			<tr class='log' status='pass'>
				<td class='status pass' title='pass' alt='pass'><i class='material-icons'>check_circle</i></td>
				<td class='timestamp'>5:58:33 PM</td>
				<td class='step-details'>
						Test is passed
					
				</td>
			</tr>
		</tbody>
	</table>
</div>
						<ul class='screenshots'>
							<li><img class='r-img' onerror='this.style.display="none"' data-featherlight='C:\Users\2123004\OneDrive - Cognizant\Documents\automation kfc\KFC_Canada_OLO_PROD\Scrshot\ValidateRegisteredUserPickup_ByCash.png' src='C:\Users\2123004\OneDrive - Cognizant\Documents\automation kfc\KFC_Canada_OLO_PROD\Scrshot\ValidateRegisteredUserPickup_ByCash.png' data-src='C:\Users\2123004\OneDrive - Cognizant\Documents\automation kfc\KFC_Canada_OLO_PROD\Scrshot\ValidateRegisteredUserPickup_ByCash.png'></li>
						</ul>
					</div>
				</li>
				<li class='test displayed active  pass' status='pass' bdd='false' test-id='27'>
					<div class='test-heading'>
						<span class='test-name'>ValidateGuestUserPickup_ByCard</span>
						<span class='test-time'>Sep 12, 2023 05:58:44 PM</span>
						<span class='test-status right pass'>pass</span>
					</div>
					<div class='test-content hide'>
<div class='test-time-info'>
	<span class='label start-time'>Sep 12, 2023 05:58:44 PM</span>
	<span class='label end-time'>Sep 12, 2023 05:59:09 PM</span>
	<span class='label time-taken grey lighten-1 white-text'>0h 0m 24s+746ms</span>
</div>
<div class='test-steps'>
	<table class='bordered table-results'>
		<thead>
			<tr>
				<th>Status</th>
				<th>Timestamp</th>
				<th>Details</th>
			</tr>
		</thead>
		<tbody>
			<tr class='log' status='pass'>
				<td class='status pass' title='pass' alt='pass'><i class='material-icons'>check_circle</i></td>
				<td class='timestamp'>5:58:50 PM</td>
				<td class='step-details'>
						store selected successfully
					<img class='r-img' onerror='this.style.display="none"' data-featherlight='C:\Users\2123004\OneDrive - Cognizant\Documents\automation kfc\KFC_Canada_OLO_PROD\Scrshot\12092023055849.png.png' src='C:\Users\2123004\OneDrive - Cognizant\Documents\automation kfc\KFC_Canada_OLO_PROD\Scrshot\12092023055849.png.png' data-src='C:\Users\2123004\OneDrive - Cognizant\Documents\automation kfc\KFC_Canada_OLO_PROD\Scrshot\12092023055849.png.png'>
				</td>
			</tr>
			<tr class='log' status='pass'>
				<td class='status pass' title='pass' alt='pass'><i class='material-icons'>check_circle</i></td>
				<td class='timestamp'>5:58:59 PM</td>
				<td class='step-details'>
						Items added to cart successfully
					<img class='r-img' onerror='this.style.display="none"' data-featherlight='C:\Users\2123004\OneDrive - Cognizant\Documents\automation kfc\KFC_Canada_OLO_PROD\Scrshot\12092023055858.png.png' src='C:\Users\2123004\OneDrive - Cognizant\Documents\automation kfc\KFC_Canada_OLO_PROD\Scrshot\12092023055858.png.png' data-src='C:\Users\2123004\OneDrive - Cognizant\Documents\automation kfc\KFC_Canada_OLO_PROD\Scrshot\12092023055858.png.png'>
				</td>
			</tr>
			<tr class='log' status='pass'>
				<td class='status pass' title='pass' alt='pass'><i class='material-icons'>check_circle</i></td>
				<td class='timestamp'>5:59:09 PM</td>
				<td class='step-details'>
						Test is passed
					
				</td>
			</tr>
		</tbody>
	</table>
</div>
						<ul class='screenshots'>
							<li><img class='r-img' onerror='this.style.display="none"' data-featherlight='C:\Users\2123004\OneDrive - Cognizant\Documents\automation kfc\KFC_Canada_OLO_PROD\Scrshot\ValidateGuestUserPickup_ByCard.png' src='C:\Users\2123004\OneDrive - Cognizant\Documents\automation kfc\KFC_Canada_OLO_PROD\Scrshot\ValidateGuestUserPickup_ByCard.png' data-src='C:\Users\2123004\OneDrive - Cognizant\Documents\automation kfc\KFC_Canada_OLO_PROD\Scrshot\ValidateGuestUserPickup_ByCard.png'></li>
						</ul>
					</div>
				</li>
			</ul>
		</div>
	</div>
	<!-- subview left -->
	<div class='subview-right left'>
		<div class='view-summary'>
			<div id='step-filters' class="right sr-filters">
				<a class="btn-floating waves-effect waves-light green" status="pass" alt="pass" title="pass"><i class="material-icons">check_circle</i></a>
				<a class="btn-floating waves-effect waves-light red" status="fail" alt="fail" title="fail"><i class="material-icons">cancel</i></a>
				<a class="btn-floating waves-effect waves-light red darken-4" status="fatal" alt="fatal" title="fatal"><i class="material-icons">cancel</i></a>
				<a class="btn-floating waves-effect waves-light pink text-lighten-1" status="error" alt="error" title="error"><i class="material-icons">error</i></a>
				<a class="btn-floating waves-effect waves-light orange" alt="warning" status="warning" title="warning"><i class="material-icons">warning</i></a>
				<a class="btn-floating waves-effect waves-light teal" status="skip" alt="skip" title="skip"><i class="material-icons">redo</i></a>
				<a class="btn-floating waves-effect waves-light grey" status="clear" alt="Clear filters" title="Clear filters"><i class="material-icons">clear</i></a>
			</div>
			<h5 class='test-name'></h5>
		</div>
	</div>
	<!-- subview right -->
</div>
<!-- test view --><!-- category view --><div id='exception-view' class='view hide'>
	<section id='controls'>
		<div class='controls grey lighten-4'>
			<!-- search -->
			<div class='chip transparent' alt='Search Tests' title='Search Tests'>
				<a href="#" class='search-div'>
				<i class='material-icons'>search</i> Search
				</a>
				<div class='input-field left hide'>
					<input id='search-tests' type='text' class='validate browser-default' placeholder='Search Tests...'>
				</div>
			</div>
			<!-- search -->
		</div>
	</section>
	<div class='subview-left left'>
		<div class='view-summary'>
			<ul id='exception-collection' class='exception-collection'>
				<li class='exception displayed active'>
					<div class='exception-heading'>
						<span class='exception-name'>org.openqa.selenium.ElementClickInterceptedException</span>
						<span class='exception-count right'><span class='label red lighten-1 white-text'>2</span></span>
					</div>
					<div class='exception-content hide'>
						<div class='exception-tests'>
							<table class='bordered table-results'>
								<thead>
									<tr>
										<th>Timestamp</th>
										<th>TestName</th>
										<th>Status</th>
									</tr>
								</thead>
								<tbody>
									<tr>
										<td>Sep 12, 2023 05:44:56 PM</td>
										<td class='linked' test-id='7'>Validate_RegisteredUser_Delivery_AddMoreFood_Button</td>
										<td>
											<textarea disabled class="code-block">org.openqa.selenium.ElementClickInterceptedException: element click intercepted: Element <a href="/menu/overview">...</a> is not clickable at point (72, 26). Other element would receive the click: <div class="container-fluid modal vertically-modal pr-0 show" data-backdrop="static"  data-keyboard="false" id="wrapLocationMapContainer" style="padding-right: 17px; display: block;">...</div>
  (Session info: chrome=115.0.5790.99)
Build info: version: '4.6.0', revision: '79f1c02ae20'
System info: os.name: 'Windows 11', os.arch: 'amd64', os.version: '10.0', java.version: '17.0.6'
Driver info: org.openqa.selenium.chrome.ChromeDriver
Command: [e1edef4cbbf03055fc6d486c58f82f54, clickElement {id=EB0F6C0EF6352BAF9441DC88574EEA5B_element_42}]
Capabilities {acceptInsecureCerts: false, browserName: chrome, browserVersion: 115.0.5790.99, chrome: {chromedriverVersion: 114.0.5735.90 (386bc09e8f4f..., userDataDir: C:\windows\SystemTemp\scope...}, goog:chromeOptions: {debuggerAddress: localhost:51907}, networkConnectionEnabled: false, pageLoadStrategy: normal, platformName: WINDOWS, proxy: Proxy(), se:cdp: ws://localhost:51907/devtoo..., se:cdpVersion: 115.0.5790.99, setWindowRect: true, strictFileInteractability: false, timeouts: {implicit: 0, pageLoad: 300000, script: 30000}, unhandledPromptBehavior: dismiss and notify, webauthn:extension:credBlob: true, webauthn:extension:largeBlob: true, webauthn:extension:minPinLength: true, webauthn:extension:prf: true, webauthn:virtualAuthenticators: true}
Element: [[ChromeDriver: chrome on WINDOWS (e1edef4cbbf03055fc6d486c58f82f54)] -> xpath: //a[@href='/menu/overview']]
Session ID: e1edef4cbbf03055fc6d486c58f82f54
	at java.base/jdk.internal.reflect.NativeConstructorAccessorImpl.newInstance0(Native Method)
	at java.base/jdk.internal.reflect.NativeConstructorAccessorImpl.newInstance(NativeConstructorAccessorImpl.java:77)
	at java.base/jdk.internal.reflect.DelegatingConstructorAccessorImpl.newInstance(DelegatingConstructorAccessorImpl.java:45)
	at java.base/java.lang.reflect.Constructor.newInstanceWithCaller(Constructor.java:499)
	at java.base/java.lang.reflect.Constructor.newInstance(Constructor.java:480)
	at org.openqa.selenium.remote.codec.w3c.W3CHttpResponseCodec.createException(W3CHttpResponseCodec.java:200)
	at org.openqa.selenium.remote.codec.w3c.W3CHttpResponseCodec.decode(W3CHttpResponseCodec.java:133)
	at org.openqa.selenium.remote.codec.w3c.W3CHttpResponseCodec.decode(W3CHttpResponseCodec.java:53)
	at org.openqa.selenium.remote.HttpCommandExecutor.execute(HttpCommandExecutor.java:184)
	at org.openqa.selenium.remote.service.DriverCommandExecutor.invokeExecute(DriverCommandExecutor.java:167)
	at org.openqa.selenium.remote.service.DriverCommandExecutor.execute(DriverCommandExecutor.java:142)
	at org.openqa.selenium.remote.RemoteWebDriver.execute(RemoteWebDriver.java:541)
	at org.openqa.selenium.remote.RemoteWebElement.execute(RemoteWebElement.java:257)
	at org.openqa.selenium.remote.RemoteWebElement.click(RemoteWebElement.java:78)
	at jdk.internal.reflect.GeneratedMethodAccessor1.invoke(Unknown Source)
	at java.base/jdk.internal.reflect.DelegatingMethodAccessorImpl.invoke(DelegatingMethodAccessorImpl.java:43)
	at java.base/java.lang.reflect.Method.invoke(Method.java:568)
	at org.openqa.selenium.support.pagefactory.internal.LocatingElementHandler.invoke(LocatingElementHandler.java:52)
	at jdk.proxy2/jdk.proxy2.$Proxy15.click(Unknown Source)
	at testcases.RegisteredUser_Delivery_AddMoreFood_Button.Validate_RegisteredUser_Delivery_AddMoreFood_Button(RegisteredUser_Delivery_AddMoreFood_Button.java:18)
	at java.base/jdk.internal.reflect.NativeMethodAccessorImpl.invoke0(Native Method)
	at java.base/jdk.internal.reflect.NativeMethodAccessorImpl.invoke(NativeMethodAccessorImpl.java:77)
	at java.base/jdk.internal.reflect.DelegatingMethodAccessorImpl.invoke(DelegatingMethodAccessorImpl.java:43)
	at java.base/java.lang.reflect.Method.invoke(Method.java:568)
	at org.testng.internal.MethodInvocationHelper.invokeMethod(MethodInvocationHelper.java:133)
	at org.testng.internal.TestInvoker.invokeMethod(TestInvoker.java:598)
	at org.testng.internal.TestInvoker.invokeTestMethod(TestInvoker.java:173)
	at org.testng.internal.MethodRunner.runInSequence(MethodRunner.java:46)
	at org.testng.internal.TestInvoker$MethodInvocationAgent.invoke(TestInvoker.java:824)
	at org.testng.internal.TestInvoker.invokeTestMethods(TestInvoker.java:146)
	at org.testng.internal.TestMethodWorker.invokeTestMethods(TestMethodWorker.java:146)
	at org.testng.internal.TestMethodWorker.run(TestMethodWorker.java:128)
	at java.base/java.util.ArrayList.forEach(ArrayList.java:1511)
	at org.testng.TestRunner.privateRun(TestRunner.java:794)
	at org.testng.TestRunner.run(TestRunner.java:596)
	at org.testng.SuiteRunner.runTest(SuiteRunner.java:377)
	at org.testng.SuiteRunner.runSequentially(SuiteRunner.java:371)
	at org.testng.SuiteRunner.privateRun(SuiteRunner.java:332)
	at org.testng.SuiteRunner.run(SuiteRunner.java:276)
	at org.testng.SuiteRunnerWorker.runSuite(SuiteRunnerWorker.java:53)
	at org.testng.SuiteRunnerWorker.run(SuiteRunnerWorker.java:96)
	at org.testng.TestNG.runSuitesSequentially(TestNG.java:1212)
	at org.testng.TestNG.runSuitesLocally(TestNG.java:1134)
	at org.testng.TestNG.runSuites(TestNG.java:1063)
	at org.testng.TestNG.run(TestNG.java:1031)
	at org.apache.maven.surefire.testng.TestNGExecutor.run(TestNGExecutor.java:324)
	at org.apache.maven.surefire.testng.TestNGXmlTestSuite.execute(TestNGXmlTestSuite.java:74)
	at org.apache.maven.surefire.testng.TestNGProvider.invoke(TestNGProvider.java:123)
	at org.apache.maven.surefire.booter.ForkedBooter.runSuitesInProcess(ForkedBooter.java:456)
	at org.apache.maven.surefire.booter.ForkedBooter.execute(ForkedBooter.java:169)
	at org.apache.maven.surefire.booter.ForkedBooter.run(ForkedBooter.java:595)
	at org.apache.maven.surefire.booter.ForkedBooter.main(ForkedBooter.java:581)
</textarea>
										</td>
									</tr>
									<tr>
										<td>Sep 12, 2023 05:56:38 PM</td>
										<td class='linked' test-id='24'>ValidateRegisteredUser_Pickup_AddMoreFood_Button</td>
										<td>
											<textarea disabled class="code-block">org.openqa.selenium.ElementClickInterceptedException: element click intercepted: Element <a href="/menu/overview">...</a> is not clickable at point (55, 104). Other element would receive the click: <div class="modal show" id="favItem-modal" style="padding-right: 17px; display: block;">...</div>
  (Session info: chrome=115.0.5790.99)
Build info: version: '4.6.0', revision: '79f1c02ae20'
System info: os.name: 'Windows 11', os.arch: 'amd64', os.version: '10.0', java.version: '17.0.6'
Driver info: org.openqa.selenium.chrome.ChromeDriver
Command: [ad773c7176eae905a4f287fef76a9453, clickElement {id=3B49CA4FBA32455F9F0C9FFEEB92E287_element_102}]
Capabilities {acceptInsecureCerts: false, browserName: chrome, browserVersion: 115.0.5790.99, chrome: {chromedriverVersion: 114.0.5735.90 (386bc09e8f4f..., userDataDir: C:\windows\SystemTemp\scope...}, goog:chromeOptions: {debuggerAddress: localhost:61633}, networkConnectionEnabled: false, pageLoadStrategy: normal, platformName: WINDOWS, proxy: Proxy(), se:cdp: ws://localhost:61633/devtoo..., se:cdpVersion: 115.0.5790.99, setWindowRect: true, strictFileInteractability: false, timeouts: {implicit: 0, pageLoad: 300000, script: 30000}, unhandledPromptBehavior: dismiss and notify, webauthn:extension:credBlob: true, webauthn:extension:largeBlob: true, webauthn:extension:minPinLength: true, webauthn:extension:prf: true, webauthn:virtualAuthenticators: true}
Element: [[ChromeDriver: chrome on WINDOWS (ad773c7176eae905a4f287fef76a9453)] -> xpath: //a[@href='/menu/overview']]
Session ID: ad773c7176eae905a4f287fef76a9453
	at java.base/jdk.internal.reflect.NativeConstructorAccessorImpl.newInstance0(Native Method)
	at java.base/jdk.internal.reflect.NativeConstructorAccessorImpl.newInstance(NativeConstructorAccessorImpl.java:77)
	at java.base/jdk.internal.reflect.DelegatingConstructorAccessorImpl.newInstance(DelegatingConstructorAccessorImpl.java:45)
	at java.base/java.lang.reflect.Constructor.newInstanceWithCaller(Constructor.java:499)
	at java.base/java.lang.reflect.Constructor.newInstance(Constructor.java:480)
	at org.openqa.selenium.remote.codec.w3c.W3CHttpResponseCodec.createException(W3CHttpResponseCodec.java:200)
	at org.openqa.selenium.remote.codec.w3c.W3CHttpResponseCodec.decode(W3CHttpResponseCodec.java:133)
	at org.openqa.selenium.remote.codec.w3c.W3CHttpResponseCodec.decode(W3CHttpResponseCodec.java:53)
	at org.openqa.selenium.remote.HttpCommandExecutor.execute(HttpCommandExecutor.java:184)
	at org.openqa.selenium.remote.service.DriverCommandExecutor.invokeExecute(DriverCommandExecutor.java:167)
	at org.openqa.selenium.remote.service.DriverCommandExecutor.execute(DriverCommandExecutor.java:142)
	at org.openqa.selenium.remote.RemoteWebDriver.execute(RemoteWebDriver.java:541)
	at org.openqa.selenium.remote.RemoteWebElement.execute(RemoteWebElement.java:257)
	at org.openqa.selenium.remote.RemoteWebElement.click(RemoteWebElement.java:78)
	at jdk.internal.reflect.GeneratedMethodAccessor1.invoke(Unknown Source)
	at java.base/jdk.internal.reflect.DelegatingMethodAccessorImpl.invoke(DelegatingMethodAccessorImpl.java:43)
	at java.base/java.lang.reflect.Method.invoke(Method.java:568)
	at org.openqa.selenium.support.pagefactory.internal.LocatingElementHandler.invoke(LocatingElementHandler.java:52)
	at jdk.proxy2/jdk.proxy2.$Proxy15.click(Unknown Source)
	at testcases.RegisteredUser_Pickup_AddMoreFood_Button.ValidateRegisteredUser_Pickup_AddMoreFood_Button(RegisteredUser_Pickup_AddMoreFood_Button.java:21)
	at java.base/jdk.internal.reflect.NativeMethodAccessorImpl.invoke0(Native Method)
	at java.base/jdk.internal.reflect.NativeMethodAccessorImpl.invoke(NativeMethodAccessorImpl.java:77)
	at java.base/jdk.internal.reflect.DelegatingMethodAccessorImpl.invoke(DelegatingMethodAccessorImpl.java:43)
	at java.base/java.lang.reflect.Method.invoke(Method.java:568)
	at org.testng.internal.MethodInvocationHelper.invokeMethod(MethodInvocationHelper.java:133)
	at org.testng.internal.TestInvoker.invokeMethod(TestInvoker.java:598)
	at org.testng.internal.TestInvoker.invokeTestMethod(TestInvoker.java:173)
	at org.testng.internal.MethodRunner.runInSequence(MethodRunner.java:46)
	at org.testng.internal.TestInvoker$MethodInvocationAgent.invoke(TestInvoker.java:824)
	at org.testng.internal.TestInvoker.invokeTestMethods(TestInvoker.java:146)
	at org.testng.internal.TestMethodWorker.invokeTestMethods(TestMethodWorker.java:146)
	at org.testng.internal.TestMethodWorker.run(TestMethodWorker.java:128)
	at java.base/java.util.ArrayList.forEach(ArrayList.java:1511)
	at org.testng.TestRunner.privateRun(TestRunner.java:794)
	at org.testng.TestRunner.run(TestRunner.java:596)
	at org.testng.SuiteRunner.runTest(SuiteRunner.java:377)
	at org.testng.SuiteRunner.runSequentially(SuiteRunner.java:371)
	at org.testng.SuiteRunner.privateRun(SuiteRunner.java:332)
	at org.testng.SuiteRunner.run(SuiteRunner.java:276)
	at org.testng.SuiteRunnerWorker.runSuite(SuiteRunnerWorker.java:53)
	at org.testng.SuiteRunnerWorker.run(SuiteRunnerWorker.java:96)
	at org.testng.TestNG.runSuitesSequentially(TestNG.java:1212)
	at org.testng.TestNG.runSuitesLocally(TestNG.java:1134)
	at org.testng.TestNG.runSuites(TestNG.java:1063)
	at org.testng.TestNG.run(TestNG.java:1031)
	at org.apache.maven.surefire.testng.TestNGExecutor.run(TestNGExecutor.java:324)
	at org.apache.maven.surefire.testng.TestNGXmlTestSuite.execute(TestNGXmlTestSuite.java:74)
	at org.apache.maven.surefire.testng.TestNGProvider.invoke(TestNGProvider.java:123)
	at org.apache.maven.surefire.booter.ForkedBooter.runSuitesInProcess(ForkedBooter.java:456)
	at org.apache.maven.surefire.booter.ForkedBooter.execute(ForkedBooter.java:169)
	at org.apache.maven.surefire.booter.ForkedBooter.run(ForkedBooter.java:595)
	at org.apache.maven.surefire.booter.ForkedBooter.main(ForkedBooter.java:581)
</textarea>
										</td>
									</tr>
								</tbody>
							</table>
						</div>
					</div>
				</li>
				<li class='exception displayed active'>
					<div class='exception-heading'>
						<span class='exception-name'>org.openqa.selenium.NoSuchElementException</span>
						<span class='exception-count right'><span class='label red lighten-1 white-text'>3</span></span>
					</div>
					<div class='exception-content hide'>
						<div class='exception-tests'>
							<table class='bordered table-results'>
								<thead>
									<tr>
										<th>Timestamp</th>
										<th>TestName</th>
										<th>Status</th>
									</tr>
								</thead>
								<tbody>
									<tr>
										<td>Sep 12, 2023 05:45:52 PM</td>
										<td class='linked' test-id='9'>ValidateRegisteredUser_Delivery_Future_Ordering_ByCard</td>
										<td>
											<textarea disabled class="code-block">org.openqa.selenium.NoSuchElementException: no such element: Unable to locate element: {"method":"xpath","selector":"//*[@id="favItem-modal"]/div/div/div/div[1]/div[2]"}
  (Session info: chrome=115.0.5790.99)
For documentation on this error, please visit: https://selenium.dev/exceptions/#no_such_element
Build info: version: '4.6.0', revision: '79f1c02ae20'
System info: os.name: 'Windows 11', os.arch: 'amd64', os.version: '10.0', java.version: '17.0.6'
Driver info: org.openqa.selenium.chrome.ChromeDriver
Command: [8d2f7748b5d12d52f254db9664656197, findElement {using=xpath, value=//*[@id="favItem-modal"]/div/div/div/div[1]/div[2]}]
Capabilities {acceptInsecureCerts: false, browserName: chrome, browserVersion: 115.0.5790.99, chrome: {chromedriverVersion: 114.0.5735.90 (386bc09e8f4f..., userDataDir: C:\windows\SystemTemp\scope...}, goog:chromeOptions: {debuggerAddress: localhost:65294}, networkConnectionEnabled: false, pageLoadStrategy: normal, platformName: WINDOWS, proxy: Proxy(), se:cdp: ws://localhost:65294/devtoo..., se:cdpVersion: 115.0.5790.99, setWindowRect: true, strictFileInteractability: false, timeouts: {implicit: 0, pageLoad: 300000, script: 30000}, unhandledPromptBehavior: dismiss and notify, webauthn:extension:credBlob: true, webauthn:extension:largeBlob: true, webauthn:extension:minPinLength: true, webauthn:extension:prf: true, webauthn:virtualAuthenticators: true}
Session ID: 8d2f7748b5d12d52f254db9664656197
	at java.base/jdk.internal.reflect.NativeConstructorAccessorImpl.newInstance0(Native Method)
	at java.base/jdk.internal.reflect.NativeConstructorAccessorImpl.newInstance(NativeConstructorAccessorImpl.java:77)
	at java.base/jdk.internal.reflect.DelegatingConstructorAccessorImpl.newInstance(DelegatingConstructorAccessorImpl.java:45)
	at java.base/java.lang.reflect.Constructor.newInstanceWithCaller(Constructor.java:499)
	at java.base/java.lang.reflect.Constructor.newInstance(Constructor.java:480)
	at org.openqa.selenium.remote.codec.w3c.W3CHttpResponseCodec.createException(W3CHttpResponseCodec.java:200)
	at org.openqa.selenium.remote.codec.w3c.W3CHttpResponseCodec.decode(W3CHttpResponseCodec.java:133)
	at org.openqa.selenium.remote.codec.w3c.W3CHttpResponseCodec.decode(W3CHttpResponseCodec.java:53)
	at org.openqa.selenium.remote.HttpCommandExecutor.execute(HttpCommandExecutor.java:184)
	at org.openqa.selenium.remote.service.DriverCommandExecutor.invokeExecute(DriverCommandExecutor.java:167)
	at org.openqa.selenium.remote.service.DriverCommandExecutor.execute(DriverCommandExecutor.java:142)
	at org.openqa.selenium.remote.RemoteWebDriver.execute(RemoteWebDriver.java:541)
	at org.openqa.selenium.remote.ElementLocation$ElementFinder$2.findElement(ElementLocation.java:162)
	at org.openqa.selenium.remote.ElementLocation.findElement(ElementLocation.java:60)
	at org.openqa.selenium.remote.RemoteWebDriver.findElement(RemoteWebDriver.java:365)
	at org.openqa.selenium.remote.RemoteWebDriver.findElement(RemoteWebDriver.java:357)
	at org.openqa.selenium.support.pagefactory.DefaultElementLocator.findElement(DefaultElementLocator.java:70)
	at org.openqa.selenium.support.pagefactory.internal.LocatingElementHandler.invoke(LocatingElementHandler.java:39)
	at jdk.proxy2/jdk.proxy2.$Proxy15.click(Unknown Source)
	at testcases.RegisteredUser_Delivery_Future_Ordering_ByCard.ValidateRegisteredUser_Delivery_Future_Ordering_ByCard(RegisteredUser_Delivery_Future_Ordering_ByCard.java:16)
	at java.base/jdk.internal.reflect.NativeMethodAccessorImpl.invoke0(Native Method)
	at java.base/jdk.internal.reflect.NativeMethodAccessorImpl.invoke(NativeMethodAccessorImpl.java:77)
	at java.base/jdk.internal.reflect.DelegatingMethodAccessorImpl.invoke(DelegatingMethodAccessorImpl.java:43)
	at java.base/java.lang.reflect.Method.invoke(Method.java:568)
	at org.testng.internal.MethodInvocationHelper.invokeMethod(MethodInvocationHelper.java:133)
	at org.testng.internal.TestInvoker.invokeMethod(TestInvoker.java:598)
	at org.testng.internal.TestInvoker.invokeTestMethod(TestInvoker.java:173)
	at org.testng.internal.MethodRunner.runInSequence(MethodRunner.java:46)
	at org.testng.internal.TestInvoker$MethodInvocationAgent.invoke(TestInvoker.java:824)
	at org.testng.internal.TestInvoker.invokeTestMethods(TestInvoker.java:146)
	at org.testng.internal.TestMethodWorker.invokeTestMethods(TestMethodWorker.java:146)
	at org.testng.internal.TestMethodWorker.run(TestMethodWorker.java:128)
	at java.base/java.util.ArrayList.forEach(ArrayList.java:1511)
	at org.testng.TestRunner.privateRun(TestRunner.java:794)
	at org.testng.TestRunner.run(TestRunner.java:596)
	at org.testng.SuiteRunner.runTest(SuiteRunner.java:377)
	at org.testng.SuiteRunner.runSequentially(SuiteRunner.java:371)
	at org.testng.SuiteRunner.privateRun(SuiteRunner.java:332)
	at org.testng.SuiteRunner.run(SuiteRunner.java:276)
	at org.testng.SuiteRunnerWorker.runSuite(SuiteRunnerWorker.java:53)
	at org.testng.SuiteRunnerWorker.run(SuiteRunnerWorker.java:96)
	at org.testng.TestNG.runSuitesSequentially(TestNG.java:1212)
	at org.testng.TestNG.runSuitesLocally(TestNG.java:1134)
	at org.testng.TestNG.runSuites(TestNG.java:1063)
	at org.testng.TestNG.run(TestNG.java:1031)
	at org.apache.maven.surefire.testng.TestNGExecutor.run(TestNGExecutor.java:324)
	at org.apache.maven.surefire.testng.TestNGXmlTestSuite.execute(TestNGXmlTestSuite.java:74)
	at org.apache.maven.surefire.testng.TestNGProvider.invoke(TestNGProvider.java:123)
	at org.apache.maven.surefire.booter.ForkedBooter.runSuitesInProcess(ForkedBooter.java:456)
	at org.apache.maven.surefire.booter.ForkedBooter.execute(ForkedBooter.java:169)
	at org.apache.maven.surefire.booter.ForkedBooter.run(ForkedBooter.java:595)
	at org.apache.maven.surefire.booter.ForkedBooter.main(ForkedBooter.java:581)
</textarea>
										</td>
									</tr>
									<tr>
										<td>Sep 12, 2023 05:49:32 PM</td>
										<td class='linked' test-id='14'>ValidateRegisteredUser_Delivery_Future_Ordering_ByCash</td>
										<td>
											<textarea disabled class="code-block">org.openqa.selenium.NoSuchElementException: no such element: Unable to locate element: {"method":"xpath","selector":"//*[@id="favItem-modal"]/div/div/div/div[1]/div[2]"}
  (Session info: chrome=115.0.5790.99)
For documentation on this error, please visit: https://selenium.dev/exceptions/#no_such_element
Build info: version: '4.6.0', revision: '79f1c02ae20'
System info: os.name: 'Windows 11', os.arch: 'amd64', os.version: '10.0', java.version: '17.0.6'
Driver info: org.openqa.selenium.chrome.ChromeDriver
Command: [8143c2ad3615a696d7ccaf68c510a7b4, findElement {using=xpath, value=//*[@id="favItem-modal"]/div/div/div/div[1]/div[2]}]
Capabilities {acceptInsecureCerts: false, browserName: chrome, browserVersion: 115.0.5790.99, chrome: {chromedriverVersion: 114.0.5735.90 (386bc09e8f4f..., userDataDir: C:\windows\SystemTemp\scope...}, goog:chromeOptions: {debuggerAddress: localhost:58429}, networkConnectionEnabled: false, pageLoadStrategy: normal, platformName: WINDOWS, proxy: Proxy(), se:cdp: ws://localhost:58429/devtoo..., se:cdpVersion: 115.0.5790.99, setWindowRect: true, strictFileInteractability: false, timeouts: {implicit: 0, pageLoad: 300000, script: 30000}, unhandledPromptBehavior: dismiss and notify, webauthn:extension:credBlob: true, webauthn:extension:largeBlob: true, webauthn:extension:minPinLength: true, webauthn:extension:prf: true, webauthn:virtualAuthenticators: true}
Session ID: 8143c2ad3615a696d7ccaf68c510a7b4
	at java.base/jdk.internal.reflect.NativeConstructorAccessorImpl.newInstance0(Native Method)
	at java.base/jdk.internal.reflect.NativeConstructorAccessorImpl.newInstance(NativeConstructorAccessorImpl.java:77)
	at java.base/jdk.internal.reflect.DelegatingConstructorAccessorImpl.newInstance(DelegatingConstructorAccessorImpl.java:45)
	at java.base/java.lang.reflect.Constructor.newInstanceWithCaller(Constructor.java:499)
	at java.base/java.lang.reflect.Constructor.newInstance(Constructor.java:480)
	at org.openqa.selenium.remote.codec.w3c.W3CHttpResponseCodec.createException(W3CHttpResponseCodec.java:200)
	at org.openqa.selenium.remote.codec.w3c.W3CHttpResponseCodec.decode(W3CHttpResponseCodec.java:133)
	at org.openqa.selenium.remote.codec.w3c.W3CHttpResponseCodec.decode(W3CHttpResponseCodec.java:53)
	at org.openqa.selenium.remote.HttpCommandExecutor.execute(HttpCommandExecutor.java:184)
	at org.openqa.selenium.remote.service.DriverCommandExecutor.invokeExecute(DriverCommandExecutor.java:167)
	at org.openqa.selenium.remote.service.DriverCommandExecutor.execute(DriverCommandExecutor.java:142)
	at org.openqa.selenium.remote.RemoteWebDriver.execute(RemoteWebDriver.java:541)
	at org.openqa.selenium.remote.ElementLocation$ElementFinder$2.findElement(ElementLocation.java:162)
	at org.openqa.selenium.remote.ElementLocation.findElement(ElementLocation.java:60)
	at org.openqa.selenium.remote.RemoteWebDriver.findElement(RemoteWebDriver.java:365)
	at org.openqa.selenium.remote.RemoteWebDriver.findElement(RemoteWebDriver.java:357)
	at org.openqa.selenium.support.pagefactory.DefaultElementLocator.findElement(DefaultElementLocator.java:70)
	at org.openqa.selenium.support.pagefactory.internal.LocatingElementHandler.invoke(LocatingElementHandler.java:39)
	at jdk.proxy2/jdk.proxy2.$Proxy15.click(Unknown Source)
	at testcases.RegisteredUser_Delivery_Future_Ordering_ByCash.ValidateRegisteredUser_Delivery_Future_Ordering_ByCash(RegisteredUser_Delivery_Future_Ordering_ByCash.java:17)
	at java.base/jdk.internal.reflect.NativeMethodAccessorImpl.invoke0(Native Method)
	at java.base/jdk.internal.reflect.NativeMethodAccessorImpl.invoke(NativeMethodAccessorImpl.java:77)
	at java.base/jdk.internal.reflect.DelegatingMethodAccessorImpl.invoke(DelegatingMethodAccessorImpl.java:43)
	at java.base/java.lang.reflect.Method.invoke(Method.java:568)
	at org.testng.internal.MethodInvocationHelper.invokeMethod(MethodInvocationHelper.java:133)
	at org.testng.internal.TestInvoker.invokeMethod(TestInvoker.java:598)
	at org.testng.internal.TestInvoker.invokeTestMethod(TestInvoker.java:173)
	at org.testng.internal.MethodRunner.runInSequence(MethodRunner.java:46)
	at org.testng.internal.TestInvoker$MethodInvocationAgent.invoke(TestInvoker.java:824)
	at org.testng.internal.TestInvoker.invokeTestMethods(TestInvoker.java:146)
	at org.testng.internal.TestMethodWorker.invokeTestMethods(TestMethodWorker.java:146)
	at org.testng.internal.TestMethodWorker.run(TestMethodWorker.java:128)
	at java.base/java.util.ArrayList.forEach(ArrayList.java:1511)
	at org.testng.TestRunner.privateRun(TestRunner.java:794)
	at org.testng.TestRunner.run(TestRunner.java:596)
	at org.testng.SuiteRunner.runTest(SuiteRunner.java:377)
	at org.testng.SuiteRunner.runSequentially(SuiteRunner.java:371)
	at org.testng.SuiteRunner.privateRun(SuiteRunner.java:332)
	at org.testng.SuiteRunner.run(SuiteRunner.java:276)
	at org.testng.SuiteRunnerWorker.runSuite(SuiteRunnerWorker.java:53)
	at org.testng.SuiteRunnerWorker.run(SuiteRunnerWorker.java:96)
	at org.testng.TestNG.runSuitesSequentially(TestNG.java:1212)
	at org.testng.TestNG.runSuitesLocally(TestNG.java:1134)
	at org.testng.TestNG.runSuites(TestNG.java:1063)
	at org.testng.TestNG.run(TestNG.java:1031)
	at org.apache.maven.surefire.testng.TestNGExecutor.run(TestNGExecutor.java:324)
	at org.apache.maven.surefire.testng.TestNGXmlTestSuite.execute(TestNGXmlTestSuite.java:74)
	at org.apache.maven.surefire.testng.TestNGProvider.invoke(TestNGProvider.java:123)
	at org.apache.maven.surefire.booter.ForkedBooter.runSuitesInProcess(ForkedBooter.java:456)
	at org.apache.maven.surefire.booter.ForkedBooter.execute(ForkedBooter.java:169)
	at org.apache.maven.surefire.booter.ForkedBooter.run(ForkedBooter.java:595)
	at org.apache.maven.surefire.booter.ForkedBooter.main(ForkedBooter.java:581)
</textarea>
										</td>
									</tr>
									<tr>
										<td>Sep 12, 2023 05:54:53 PM</td>
										<td class='linked' test-id='21'>ValidateRegisteredUserDelivery_ByCash</td>
										<td>
											<textarea disabled class="code-block">org.openqa.selenium.NoSuchElementException: no such element: Unable to locate element: {"method":"xpath","selector":"//*[@id="favItem-modal"]/div/div/div/div[1]/div[2]"}
  (Session info: chrome=115.0.5790.99)
For documentation on this error, please visit: https://selenium.dev/exceptions/#no_such_element
Build info: version: '4.6.0', revision: '79f1c02ae20'
System info: os.name: 'Windows 11', os.arch: 'amd64', os.version: '10.0', java.version: '17.0.6'
Driver info: org.openqa.selenium.chrome.ChromeDriver
Command: [76b1d776d36ea254af022f6bedcd2f39, findElement {using=xpath, value=//*[@id="favItem-modal"]/div/div/div/div[1]/div[2]}]
Capabilities {acceptInsecureCerts: false, browserName: chrome, browserVersion: 115.0.5790.99, chrome: {chromedriverVersion: 114.0.5735.90 (386bc09e8f4f..., userDataDir: C:\windows\SystemTemp\scope...}, goog:chromeOptions: {debuggerAddress: localhost:49698}, networkConnectionEnabled: false, pageLoadStrategy: normal, platformName: WINDOWS, proxy: Proxy(), se:cdp: ws://localhost:49698/devtoo..., se:cdpVersion: 115.0.5790.99, setWindowRect: true, strictFileInteractability: false, timeouts: {implicit: 0, pageLoad: 300000, script: 30000}, unhandledPromptBehavior: dismiss and notify, webauthn:extension:credBlob: true, webauthn:extension:largeBlob: true, webauthn:extension:minPinLength: true, webauthn:extension:prf: true, webauthn:virtualAuthenticators: true}
Session ID: 76b1d776d36ea254af022f6bedcd2f39
	at java.base/jdk.internal.reflect.NativeConstructorAccessorImpl.newInstance0(Native Method)
	at java.base/jdk.internal.reflect.NativeConstructorAccessorImpl.newInstance(NativeConstructorAccessorImpl.java:77)
	at java.base/jdk.internal.reflect.DelegatingConstructorAccessorImpl.newInstance(DelegatingConstructorAccessorImpl.java:45)
	at java.base/java.lang.reflect.Constructor.newInstanceWithCaller(Constructor.java:499)
	at java.base/java.lang.reflect.Constructor.newInstance(Constructor.java:480)
	at org.openqa.selenium.remote.codec.w3c.W3CHttpResponseCodec.createException(W3CHttpResponseCodec.java:200)
	at org.openqa.selenium.remote.codec.w3c.W3CHttpResponseCodec.decode(W3CHttpResponseCodec.java:133)
	at org.openqa.selenium.remote.codec.w3c.W3CHttpResponseCodec.decode(W3CHttpResponseCodec.java:53)
	at org.openqa.selenium.remote.HttpCommandExecutor.execute(HttpCommandExecutor.java:184)
	at org.openqa.selenium.remote.service.DriverCommandExecutor.invokeExecute(DriverCommandExecutor.java:167)
	at org.openqa.selenium.remote.service.DriverCommandExecutor.execute(DriverCommandExecutor.java:142)
	at org.openqa.selenium.remote.RemoteWebDriver.execute(RemoteWebDriver.java:541)
	at org.openqa.selenium.remote.ElementLocation$ElementFinder$2.findElement(ElementLocation.java:162)
	at org.openqa.selenium.remote.ElementLocation.findElement(ElementLocation.java:60)
	at org.openqa.selenium.remote.RemoteWebDriver.findElement(RemoteWebDriver.java:365)
	at org.openqa.selenium.remote.RemoteWebDriver.findElement(RemoteWebDriver.java:357)
	at org.openqa.selenium.support.pagefactory.DefaultElementLocator.findElement(DefaultElementLocator.java:70)
	at org.openqa.selenium.support.pagefactory.internal.LocatingElementHandler.invoke(LocatingElementHandler.java:39)
	at jdk.proxy2/jdk.proxy2.$Proxy15.click(Unknown Source)
	at testcases.RegisteredUserDelivery_ByCash.ValidateRegisteredUserDelivery_ByCash(RegisteredUserDelivery_ByCash.java:18)
	at java.base/jdk.internal.reflect.NativeMethodAccessorImpl.invoke0(Native Method)
	at java.base/jdk.internal.reflect.NativeMethodAccessorImpl.invoke(NativeMethodAccessorImpl.java:77)
	at java.base/jdk.internal.reflect.DelegatingMethodAccessorImpl.invoke(DelegatingMethodAccessorImpl.java:43)
	at java.base/java.lang.reflect.Method.invoke(Method.java:568)
	at org.testng.internal.MethodInvocationHelper.invokeMethod(MethodInvocationHelper.java:133)
	at org.testng.internal.TestInvoker.invokeMethod(TestInvoker.java:598)
	at org.testng.internal.TestInvoker.invokeTestMethod(TestInvoker.java:173)
	at org.testng.internal.MethodRunner.runInSequence(MethodRunner.java:46)
	at org.testng.internal.TestInvoker$MethodInvocationAgent.invoke(TestInvoker.java:824)
	at org.testng.internal.TestInvoker.invokeTestMethods(TestInvoker.java:146)
	at org.testng.internal.TestMethodWorker.invokeTestMethods(TestMethodWorker.java:146)
	at org.testng.internal.TestMethodWorker.run(TestMethodWorker.java:128)
	at java.base/java.util.ArrayList.forEach(ArrayList.java:1511)
	at org.testng.TestRunner.privateRun(TestRunner.java:794)
	at org.testng.TestRunner.run(TestRunner.java:596)
	at org.testng.SuiteRunner.runTest(SuiteRunner.java:377)
	at org.testng.SuiteRunner.runSequentially(SuiteRunner.java:371)
	at org.testng.SuiteRunner.privateRun(SuiteRunner.java:332)
	at org.testng.SuiteRunner.run(SuiteRunner.java:276)
	at org.testng.SuiteRunnerWorker.runSuite(SuiteRunnerWorker.java:53)
	at org.testng.SuiteRunnerWorker.run(SuiteRunnerWorker.java:96)
	at org.testng.TestNG.runSuitesSequentially(TestNG.java:1212)
	at org.testng.TestNG.runSuitesLocally(TestNG.java:1134)
	at org.testng.TestNG.runSuites(TestNG.java:1063)
	at org.testng.TestNG.run(TestNG.java:1031)
	at org.apache.maven.surefire.testng.TestNGExecutor.run(TestNGExecutor.java:324)
	at org.apache.maven.surefire.testng.TestNGXmlTestSuite.execute(TestNGXmlTestSuite.java:74)
	at org.apache.maven.surefire.testng.TestNGProvider.invoke(TestNGProvider.java:123)
	at org.apache.maven.surefire.booter.ForkedBooter.runSuitesInProcess(ForkedBooter.java:456)
	at org.apache.maven.surefire.booter.ForkedBooter.execute(ForkedBooter.java:169)
	at org.apache.maven.surefire.booter.ForkedBooter.run(ForkedBooter.java:595)
	at org.apache.maven.surefire.booter.ForkedBooter.main(ForkedBooter.java:581)
</textarea>
										</td>
									</tr>
								</tbody>
							</table>
						</div>
					</div>
				</li>
			</ul>
		</div>
	</div>
	<div class='subview-right left'>
		<div class='view-summary'>
			<h5 class='exception-name'></h5>
		</div>
	</div>
</div>
<!-- exception view --><div id='dashboard-view' class='view hide'>
	<div class='card-panel transparent np-v'>
		<h5>Dashboard</h5>

		<div class='row'>
			<div class='col s2'>
				<div class='card-panel r'>
					Tests
					<div class='panel-lead'>27</div>
				</div>
			</div>
			<div class='col s2'>
				<div class='card-panel r'>
					Steps
					<div class='panel-lead'>0</div>
				</div>
			</div>
			<div class='col s2'>
				<div class='card-panel r'>
					Start
					<div class='panel-lead'>Sep 12, 2023 05:39:11 PM</div>
				</div>
			</div>
			<div class='col s2'>
				<div class='card-panel r'>
			 		End
			 		<div class='panel-lead'>Sep 12, 2023 05:59:11 PM</div>
				</div>
			</div>
			<div class='col s2'>
				<div class='card-panel r'>
					Time Taken
					<div class='panel-lead'>0h 19m 59s+502ms</div>
				</div>
			</div>
			<div class='col s4'>
				<div class='card-panel dashboard-environment'>
					<span class='right label cyan white-text'>Environment</span><p>&nbsp;</p>
					
					<table>
						<tr>
							<th>Name</th>
							<th>Value</th>
						</tr>
							<tr>
								<td>OS</td>
								<td>Windows 11</td>
							</tr>
							<tr>
								<td>Tester</td>
								<td>QA Team Canada</td>
							</tr>
					</table>
				</div>
			</div>
		</div>
	</div>
</div>
<!-- dashboard view -->
<!-- testrunner-logs view -->		</div>
		<!-- container -->
		<script>
			var statusGroup = {
                parentCount: 27,
				passParent: 22,
				failParent: 5,
				fatalParent: 0,
				errorParent: 0,
				warningParent: 0,
				skipParent: 0,
				exceptionsParent: 5,
				childCount: 0,
				passChild: 0,
				failChild: 0,
				fatalChild: 0,
				errorChild: 0,
				warningChild: 0,
				skipChild: 0,
				infoChild: 0,
				debugChild: 0,
				exceptionsChild: 0,
				grandChildCount: 0,
				passGrandChild: 0,
				failGrandChild: 0,
				fatalGrandChild: 0,
				errorGrandChild: 0,
				warningGrandChild: 0,
				skipGrandChild: 0,
				infoGrandChild: 0,
				debugGrandChild: 0,
				exceptionsGrandChild: 0,
			};
		</script>
		<script>
			var timeline = {
			        "ValidateRegisteredUser_Pickup_Future_Ordering_ByCash":48.094,"ValidateRegisteredUserDelivery_ByCard":53.709,"Click_PaymentDetails":24.787,"ValidatePlusAndMinusInCartPageTest":81.78,"ClickPreviousOrder":29.391,"ClicksavedAddesses":15.212,"Validate_RegisteredUser_Delivery_AddMoreFood_Button":21.934,"ValidateGuestUserPickupStoreSelection":10.543,"ValidateRegisteredUser_Delivery_Future_Ordering_ByCard":39.413,"ValidateRegisteredUser_Pickup_Future_Ordering_ByCard":43.187,"ValidateGuestUser_Pickup_AddMoreFood_Button":21.087,"ValidateRegisteredUserPickup_ByCard":41.222,"Click_ResetPswd":17.868,"ValidateRegisteredUser_Delivery_Future_Ordering_ByCash":39.492,"Validate_Guest_User_PickUp_Future_Ordering_ByCard":23.628,"ValidateSignout":14.706,"Validate_Guest_User_PickUp_Future_Ordering_ByCash":22.896,"ValidatePlusAndMinusInCartPageTest":81.624,"ValidateCheckoutTest":42.609,"Click_SavedContactDetails":15.55,"ValidateRegisteredUserDelivery_ByCash":40.351,"ValidateGuestUserPickup_ByCash":15.731,"ClickDeleteAccount":15.036,"ValidateRegisteredUser_Pickup_AddMoreFood_Button":28.771,"ValidateRegisteredUserPickupStoreSelection":21.923,"ValidateRegisteredUserPickup_ByCash":42.397,"ValidateGuestUserPickup_ByCard":24.746
			};
		</script>
		<script src='https://cdn.rawgit.com/extent-framework/extent-github-cdn/b65cd69/v3html/js/extent.js' type='text/javascript'></script>
		<script type='text/javascript'>
		</script>
	</body>
</html>